{"/home/ubuntu/project/mechanism-sharing-app2/frontend/src/App.tsx": {"path":"/home/ubuntu/project/mechanism-sharing-app2/frontend/src/App.tsx","statementMap":{"0":{"start":{"line":18,"column":2},"end":{"line":56,"column":4}}},"fnMap":{"0":{"name":"App","decl":{"start":{"line":17,"column":9},"end":{"line":17,"column":12}},"loc":{"start":{"line":17,"column":15},"end":{"line":57,"column":1}},"line":17}},"branchMap":{},"s":{"0":1},"f":{"0":1},"b":{},"_coverageSchema":"1a1c01bbd47fc00a2c39e90264f33305004495a9","hash":"c78728a8818c333296780fdcdc4b7d43603418a8"}
,"/home/ubuntu/project/mechanism-sharing-app2/frontend/src/index.tsx": {"path":"/home/ubuntu/project/mechanism-sharing-app2/frontend/src/index.tsx","statementMap":{"0":{"start":{"line":7,"column":13},"end":{"line":9,"column":1}},"1":{"start":{"line":10,"column":0},"end":{"line":14,"column":2}},"2":{"start":{"line":19,"column":0},"end":{"line":19,"column":18}}},"fnMap":{},"branchMap":{},"s":{"0":0,"1":0,"2":0},"f":{},"b":{}}
,"/home/ubuntu/project/mechanism-sharing-app2/frontend/src/reportWebVitals.ts": {"path":"/home/ubuntu/project/mechanism-sharing-app2/frontend/src/reportWebVitals.ts","statementMap":{"0":{"start":{"line":3,"column":24},"end":{"line":13,"column":1}},"1":{"start":{"line":4,"column":2},"end":{"line":12,"column":3}},"2":{"start":{"line":5,"column":4},"end":{"line":11,"column":7}},"3":{"start":{"line":6,"column":6},"end":{"line":6,"column":26}},"4":{"start":{"line":7,"column":6},"end":{"line":7,"column":26}},"5":{"start":{"line":8,"column":6},"end":{"line":8,"column":26}},"6":{"start":{"line":9,"column":6},"end":{"line":9,"column":26}},"7":{"start":{"line":10,"column":6},"end":{"line":10,"column":27}}},"fnMap":{"0":{"name":"(anonymous_0)","decl":{"start":{"line":3,"column":24},"end":{"line":3,"column":25}},"loc":{"start":{"line":3,"column":57},"end":{"line":13,"column":1}},"line":3},"1":{"name":"(anonymous_1)","decl":{"start":{"line":5,"column":30},"end":{"line":5,"column":31}},"loc":{"start":{"line":5,"column":79},"end":{"line":11,"column":5}},"line":5}},"branchMap":{"0":{"loc":{"start":{"line":4,"column":2},"end":{"line":12,"column":3}},"type":"if","locations":[{"start":{"line":4,"column":2},"end":{"line":12,"column":3}},{"start":{},"end":{}}],"line":4},"1":{"loc":{"start":{"line":4,"column":6},"end":{"line":4,"column":52}},"type":"binary-expr","locations":[{"start":{"line":4,"column":6},"end":{"line":4,"column":17}},{"start":{"line":4,"column":21},"end":{"line":4,"column":52}}],"line":4}},"s":{"0":0,"1":0,"2":0,"3":0,"4":0,"5":0,"6":0,"7":0},"f":{"0":0,"1":0},"b":{"0":[0,0],"1":[0,0]}}
,"/home/ubuntu/project/mechanism-sharing-app2/frontend/src/components/auth/LoginForm.tsx": {"path":"/home/ubuntu/project/mechanism-sharing-app2/frontend/src/components/auth/LoginForm.tsx","statementMap":{"0":{"start":{"line":5,"column":28},"end":{"line":81,"column":1}},"1":{"start":{"line":6,"column":36},"end":{"line":6,"column":45}},"2":{"start":{"line":7,"column":34},"end":{"line":10,"column":4}},"3":{"start":{"line":12,"column":23},"end":{"line":18,"column":3}},"4":{"start":{"line":13,"column":28},"end":{"line":13,"column":36}},"5":{"start":{"line":14,"column":4},"end":{"line":17,"column":7}},"6":{"start":{"line":20,"column":23},"end":{"line":23,"column":3}},"7":{"start":{"line":21,"column":4},"end":{"line":21,"column":23}},"8":{"start":{"line":22,"column":4},"end":{"line":22,"column":26}},"9":{"start":{"line":25,"column":2},"end":{"line":80,"column":4}}},"fnMap":{"0":{"name":"(anonymous_0)","decl":{"start":{"line":5,"column":28},"end":{"line":5,"column":29}},"loc":{"start":{"line":5,"column":34},"end":{"line":81,"column":1}},"line":5},"1":{"name":"(anonymous_1)","decl":{"start":{"line":12,"column":23},"end":{"line":12,"column":24}},"loc":{"start":{"line":12,"column":67},"end":{"line":18,"column":3}},"line":12},"2":{"name":"(anonymous_2)","decl":{"start":{"line":20,"column":23},"end":{"line":20,"column":24}},"loc":{"start":{"line":20,"column":47},"end":{"line":23,"column":3}},"line":20}},"branchMap":{"0":{"loc":{"start":{"line":27,"column":7},"end":{"line":31,"column":7}},"type":"binary-expr","locations":[{"start":{"line":27,"column":7},"end":{"line":27,"column":12}},{"start":{"line":28,"column":8},"end":{"line":30,"column":14}}],"line":27},"1":{"loc":{"start":{"line":73,"column":12},"end":{"line":73,"column":75}},"type":"cond-expr","locations":[{"start":{"line":73,"column":22},"end":{"line":73,"column":37}},{"start":{"line":73,"column":40},"end":{"line":73,"column":75}}],"line":73},"2":{"loc":{"start":{"line":76,"column":11},"end":{"line":76,"column":40}},"type":"cond-expr","locations":[{"start":{"line":76,"column":21},"end":{"line":76,"column":31}},{"start":{"line":76,"column":34},"end":{"line":76,"column":40}}],"line":76}},"s":{"0":2,"1":10,"2":10,"3":10,"4":4,"5":4,"6":10,"7":1,"8":1,"9":10},"f":{"0":10,"1":4,"2":1},"b":{"0":[10,1],"1":[1,9],"2":[1,9]},"_coverageSchema":"1a1c01bbd47fc00a2c39e90264f33305004495a9","hash":"eb80213223c56b45a360381221a0a7cda92b79b5"}
,"/home/ubuntu/project/mechanism-sharing-app2/frontend/src/components/auth/ProtectedRoute.tsx": {"path":"/home/ubuntu/project/mechanism-sharing-app2/frontend/src/components/auth/ProtectedRoute.tsx","statementMap":{"0":{"start":{"line":13,"column":54},"end":{"line":34,"column":1}},"1":{"start":{"line":16,"column":39},"end":{"line":16,"column":48}},"2":{"start":{"line":19,"column":2},"end":{"line":25,"column":3}},"3":{"start":{"line":20,"column":4},"end":{"line":24,"column":6}},"4":{"start":{"line":28,"column":2},"end":{"line":30,"column":3}},"5":{"start":{"line":29,"column":4},"end":{"line":29,"column":50}},"6":{"start":{"line":33,"column":2},"end":{"line":33,"column":20}}},"fnMap":{"0":{"name":"(anonymous_0)","decl":{"start":{"line":13,"column":54},"end":{"line":13,"column":55}},"loc":{"start":{"line":15,"column":6},"end":{"line":34,"column":1}},"line":15}},"branchMap":{"0":{"loc":{"start":{"line":14,"column":2},"end":{"line":14,"column":25}},"type":"default-arg","locations":[{"start":{"line":14,"column":17},"end":{"line":14,"column":25}}],"line":14},"1":{"loc":{"start":{"line":19,"column":2},"end":{"line":25,"column":3}},"type":"if","locations":[{"start":{"line":19,"column":2},"end":{"line":25,"column":3}},{"start":{},"end":{}}],"line":19},"2":{"loc":{"start":{"line":28,"column":2},"end":{"line":30,"column":3}},"type":"if","locations":[{"start":{"line":28,"column":2},"end":{"line":30,"column":3}},{"start":{},"end":{}}],"line":28}},"s":{"0":2,"1":6,"2":6,"3":2,"4":4,"5":3,"6":1},"f":{"0":6},"b":{"0":[5],"1":[2,4],"2":[3,1]},"_coverageSchema":"1a1c01bbd47fc00a2c39e90264f33305004495a9","hash":"f878af572800763eaf503ef52aed1542d7249ce7"}
,"/home/ubuntu/project/mechanism-sharing-app2/frontend/src/components/auth/RegisterForm.tsx": {"path":"/home/ubuntu/project/mechanism-sharing-app2/frontend/src/components/auth/RegisterForm.tsx","statementMap":{"0":{"start":{"line":5,"column":31},"end":{"line":125,"column":1}},"1":{"start":{"line":6,"column":39},"end":{"line":6,"column":48}},"2":{"start":{"line":7,"column":34},"end":{"line":11,"column":4}},"3":{"start":{"line":12,"column":44},"end":{"line":12,"column":73}},"4":{"start":{"line":14,"column":23},"end":{"line":25,"column":3}},"5":{"start":{"line":15,"column":28},"end":{"line":15,"column":36}},"6":{"start":{"line":16,"column":4},"end":{"line":19,"column":7}},"7":{"start":{"line":22,"column":4},"end":{"line":24,"column":5}},"8":{"start":{"line":23,"column":6},"end":{"line":23,"column":29}},"9":{"start":{"line":27,"column":23},"end":{"line":41,"column":3}},"10":{"start":{"line":29,"column":4},"end":{"line":32,"column":5}},"11":{"start":{"line":30,"column":6},"end":{"line":30,"column":39}},"12":{"start":{"line":31,"column":6},"end":{"line":31,"column":19}},"13":{"start":{"line":35,"column":4},"end":{"line":38,"column":5}},"14":{"start":{"line":36,"column":6},"end":{"line":36,"column":48}},"15":{"start":{"line":37,"column":6},"end":{"line":37,"column":19}},"16":{"start":{"line":40,"column":4},"end":{"line":40,"column":16}},"17":{"start":{"line":43,"column":23},"end":{"line":51,"column":3}},"18":{"start":{"line":44,"column":4},"end":{"line":44,"column":23}},"19":{"start":{"line":46,"column":4},"end":{"line":48,"column":5}},"20":{"start":{"line":47,"column":6},"end":{"line":47,"column":13}},"21":{"start":{"line":50,"column":4},"end":{"line":50,"column":29}},"22":{"start":{"line":53,"column":2},"end":{"line":124,"column":4}}},"fnMap":{"0":{"name":"(anonymous_0)","decl":{"start":{"line":5,"column":31},"end":{"line":5,"column":32}},"loc":{"start":{"line":5,"column":37},"end":{"line":125,"column":1}},"line":5},"1":{"name":"(anonymous_1)","decl":{"start":{"line":14,"column":23},"end":{"line":14,"column":24}},"loc":{"start":{"line":14,"column":67},"end":{"line":25,"column":3}},"line":14},"2":{"name":"(anonymous_2)","decl":{"start":{"line":27,"column":23},"end":{"line":27,"column":24}},"loc":{"start":{"line":27,"column":38},"end":{"line":41,"column":3}},"line":27},"3":{"name":"(anonymous_3)","decl":{"start":{"line":43,"column":23},"end":{"line":43,"column":24}},"loc":{"start":{"line":43,"column":47},"end":{"line":51,"column":3}},"line":43}},"branchMap":{"0":{"loc":{"start":{"line":22,"column":4},"end":{"line":24,"column":5}},"type":"if","locations":[{"start":{"line":22,"column":4},"end":{"line":24,"column":5}},{"start":{},"end":{}}],"line":22},"1":{"loc":{"start":{"line":22,"column":8},"end":{"line":22,"column":57}},"type":"binary-expr","locations":[{"start":{"line":22,"column":8},"end":{"line":22,"column":27}},{"start":{"line":22,"column":31},"end":{"line":22,"column":57}}],"line":22},"2":{"loc":{"start":{"line":29,"column":4},"end":{"line":32,"column":5}},"type":"if","locations":[{"start":{"line":29,"column":4},"end":{"line":32,"column":5}},{"start":{},"end":{}}],"line":29},"3":{"loc":{"start":{"line":35,"column":4},"end":{"line":38,"column":5}},"type":"if","locations":[{"start":{"line":35,"column":4},"end":{"line":38,"column":5}},{"start":{},"end":{}}],"line":35},"4":{"loc":{"start":{"line":46,"column":4},"end":{"line":48,"column":5}},"type":"if","locations":[{"start":{"line":46,"column":4},"end":{"line":48,"column":5}},{"start":{},"end":{}}],"line":46},"5":{"loc":{"start":{"line":55,"column":7},"end":{"line":59,"column":7}},"type":"binary-expr","locations":[{"start":{"line":55,"column":8},"end":{"line":55,"column":13}},{"start":{"line":55,"column":17},"end":{"line":55,"column":30}},{"start":{"line":56,"column":8},"end":{"line":58,"column":14}}],"line":55},"6":{"loc":{"start":{"line":57,"column":45},"end":{"line":57,"column":67}},"type":"binary-expr","locations":[{"start":{"line":57,"column":45},"end":{"line":57,"column":58}},{"start":{"line":57,"column":62},"end":{"line":57,"column":67}}],"line":57},"7":{"loc":{"start":{"line":117,"column":12},"end":{"line":117,"column":75}},"type":"cond-expr","locations":[{"start":{"line":117,"column":22},"end":{"line":117,"column":37}},{"start":{"line":117,"column":40},"end":{"line":117,"column":75}}],"line":117},"8":{"loc":{"start":{"line":120,"column":11},"end":{"line":120,"column":36}},"type":"cond-expr","locations":[{"start":{"line":120,"column":21},"end":{"line":120,"column":29}},{"start":{"line":120,"column":32},"end":{"line":120,"column":36}}],"line":120}},"s":{"0":2,"1":21,"2":21,"3":21,"4":21,"5":12,"6":12,"7":12,"8":8,"9":21,"10":3,"11":1,"12":1,"13":2,"14":1,"15":1,"16":1,"17":21,"18":3,"19":3,"20":2,"21":1,"22":21},"f":{"0":21,"1":12,"2":3,"3":3},"b":{"0":[8,4],"1":[12,8],"2":[1,2],"3":[1,1],"4":[2,1],"5":[21,20,3],"6":[3,1],"7":[1,20],"8":[1,20]},"_coverageSchema":"1a1c01bbd47fc00a2c39e90264f33305004495a9","hash":"3c641a68df421d262905bda843cb951ed0d73fda"}
,"/home/ubuntu/project/mechanism-sharing-app2/frontend/src/components/common/Button.tsx": {"path":"/home/ubuntu/project/mechanism-sharing-app2/frontend/src/components/common/Button.tsx","statementMap":{"0":{"start":{"line":14,"column":54},"end":{"line":20,"column":1}},"1":{"start":{"line":22,"column":48},"end":{"line":26,"column":1}},"2":{"start":{"line":28,"column":45},"end":{"line":81,"column":1}},"3":{"start":{"line":38,"column":2},"end":{"line":80,"column":4}}},"fnMap":{"0":{"name":"(anonymous_0)","decl":{"start":{"line":28,"column":45},"end":{"line":28,"column":46}},"loc":{"start":{"line":37,"column":6},"end":{"line":81,"column":1}},"line":37}},"branchMap":{"0":{"loc":{"start":{"line":29,"column":2},"end":{"line":29,"column":21}},"type":"default-arg","locations":[{"start":{"line":29,"column":12},"end":{"line":29,"column":21}}],"line":29},"1":{"loc":{"start":{"line":30,"column":2},"end":{"line":30,"column":13}},"type":"default-arg","locations":[{"start":{"line":30,"column":9},"end":{"line":30,"column":13}}],"line":30},"2":{"loc":{"start":{"line":31,"column":2},"end":{"line":31,"column":19}},"type":"default-arg","locations":[{"start":{"line":31,"column":14},"end":{"line":31,"column":19}}],"line":31},"3":{"loc":{"start":{"line":32,"column":2},"end":{"line":32,"column":19}},"type":"default-arg","locations":[{"start":{"line":32,"column":14},"end":{"line":32,"column":19}}],"line":32},"4":{"loc":{"start":{"line":33,"column":2},"end":{"line":33,"column":16}},"type":"default-arg","locations":[{"start":{"line":33,"column":14},"end":{"line":33,"column":16}}],"line":33},"5":{"loc":{"start":{"line":43,"column":10},"end":{"line":43,"column":35}},"type":"cond-expr","locations":[{"start":{"line":43,"column":22},"end":{"line":43,"column":30}},{"start":{"line":43,"column":33},"end":{"line":43,"column":35}}],"line":43},"6":{"loc":{"start":{"line":49,"column":16},"end":{"line":49,"column":37}},"type":"binary-expr","locations":[{"start":{"line":49,"column":16},"end":{"line":49,"column":24}},{"start":{"line":49,"column":28},"end":{"line":49,"column":37}}],"line":49},"7":{"loc":{"start":{"line":52,"column":7},"end":{"line":78,"column":7}},"type":"cond-expr","locations":[{"start":{"line":53,"column":8},"end":{"line":75,"column":14}},{"start":{"line":77,"column":8},"end":{"line":77,"column":16}}],"line":52}},"s":{"0":7,"1":7,"2":7,"3":254},"f":{"0":254},"b":{"0":[32],"1":[127],"2":[231],"3":[253],"4":[180],"5":[1,253],"6":[254,234],"7":[5,249]},"_coverageSchema":"1a1c01bbd47fc00a2c39e90264f33305004495a9","hash":"2e9cbbadbfcd38445debc6811a6d1fddcf3b1dc1"}
,"/home/ubuntu/project/mechanism-sharing-app2/frontend/src/components/common/FileUpload.tsx": {"path":"/home/ubuntu/project/mechanism-sharing-app2/frontend/src/components/common/FileUpload.tsx","statementMap":{"0":{"start":{"line":14,"column":26},"end":{"line":110,"column":1}},"1":{"start":{"line":27,"column":36},"end":{"line":27,"column":56}},"2":{"start":{"line":28,"column":21},"end":{"line":28,"column":58}},"3":{"start":{"line":31,"column":20},"end":{"line":38,"column":5}},"4":{"start":{"line":32,"column":6},"end":{"line":32,"column":33}},"5":{"start":{"line":33,"column":6},"end":{"line":37,"column":7}},"6":{"start":{"line":34,"column":8},"end":{"line":34,"column":21}},"7":{"start":{"line":35,"column":13},"end":{"line":37,"column":7}},"8":{"start":{"line":36,"column":8},"end":{"line":36,"column":30}},"9":{"start":{"line":40,"column":30},"end":{"line":44,"column":5}},"10":{"start":{"line":41,"column":6},"end":{"line":43,"column":7}},"11":{"start":{"line":42,"column":8},"end":{"line":42,"column":33}},"12":{"start":{"line":46,"column":29},"end":{"line":57,"column":5}},"13":{"start":{"line":47,"column":20},"end":{"line":47,"column":34}},"14":{"start":{"line":48,"column":6},"end":{"line":52,"column":7}},"15":{"start":{"line":49,"column":8},"end":{"line":49,"column":35}},"16":{"start":{"line":51,"column":8},"end":{"line":51,"column":24}},"17":{"start":{"line":54,"column":6},"end":{"line":56,"column":7}},"18":{"start":{"line":55,"column":8},"end":{"line":55,"column":20}},"19":{"start":{"line":59,"column":4},"end":{"line":108,"column":6}},"20":{"start":{"line":112,"column":0},"end":{"line":112,"column":38}}},"fnMap":{"0":{"name":"(anonymous_0)","decl":{"start":{"line":15,"column":2},"end":{"line":15,"column":3}},"loc":{"start":{"line":26,"column":13},"end":{"line":109,"column":3}},"line":26},"1":{"name":"(anonymous_1)","decl":{"start":{"line":31,"column":20},"end":{"line":31,"column":21}},"loc":{"start":{"line":31,"column":51},"end":{"line":38,"column":5}},"line":31},"2":{"name":"(anonymous_2)","decl":{"start":{"line":40,"column":30},"end":{"line":40,"column":31}},"loc":{"start":{"line":40,"column":36},"end":{"line":44,"column":5}},"line":40},"3":{"name":"(anonymous_3)","decl":{"start":{"line":46,"column":29},"end":{"line":46,"column":30}},"loc":{"start":{"line":46,"column":73},"end":{"line":57,"column":5}},"line":46}},"branchMap":{"0":{"loc":{"start":{"line":19,"column":4},"end":{"line":19,"column":21}},"type":"default-arg","locations":[{"start":{"line":19,"column":16},"end":{"line":19,"column":21}}],"line":19},"1":{"loc":{"start":{"line":20,"column":4},"end":{"line":20,"column":26}},"type":"default-arg","locations":[{"start":{"line":20,"column":17},"end":{"line":20,"column":26}}],"line":20},"2":{"loc":{"start":{"line":22,"column":4},"end":{"line":22,"column":31}},"type":"default-arg","locations":[{"start":{"line":22,"column":27},"end":{"line":22,"column":31}}],"line":22},"3":{"loc":{"start":{"line":23,"column":4},"end":{"line":23,"column":18}},"type":"default-arg","locations":[{"start":{"line":23,"column":16},"end":{"line":23,"column":18}}],"line":23},"4":{"loc":{"start":{"line":33,"column":6},"end":{"line":37,"column":7}},"type":"if","locations":[{"start":{"line":33,"column":6},"end":{"line":37,"column":7}},{"start":{"line":35,"column":13},"end":{"line":37,"column":7}}],"line":33},"5":{"loc":{"start":{"line":35,"column":13},"end":{"line":37,"column":7}},"type":"if","locations":[{"start":{"line":35,"column":13},"end":{"line":37,"column":7}},{"start":{},"end":{}}],"line":35},"6":{"loc":{"start":{"line":41,"column":6},"end":{"line":43,"column":7}},"type":"if","locations":[{"start":{"line":41,"column":6},"end":{"line":43,"column":7}},{"start":{},"end":{}}],"line":41},"7":{"loc":{"start":{"line":48,"column":6},"end":{"line":52,"column":7}},"type":"if","locations":[{"start":{"line":48,"column":6},"end":{"line":52,"column":7}},{"start":{"line":50,"column":13},"end":{"line":52,"column":7}}],"line":48},"8":{"loc":{"start":{"line":48,"column":10},"end":{"line":48,"column":35}},"type":"binary-expr","locations":[{"start":{"line":48,"column":10},"end":{"line":48,"column":15}},{"start":{"line":48,"column":19},"end":{"line":48,"column":35}}],"line":48},"9":{"loc":{"start":{"line":54,"column":6},"end":{"line":56,"column":7}},"type":"if","locations":[{"start":{"line":54,"column":6},"end":{"line":56,"column":7}},{"start":{},"end":{}}],"line":54},"10":{"loc":{"start":{"line":60,"column":30},"end":{"line":60,"column":55}},"type":"cond-expr","locations":[{"start":{"line":60,"column":42},"end":{"line":60,"column":50}},{"start":{"line":60,"column":53},"end":{"line":60,"column":55}}],"line":60},"11":{"loc":{"start":{"line":61,"column":9},"end":{"line":68,"column":9}},"type":"binary-expr","locations":[{"start":{"line":61,"column":9},"end":{"line":61,"column":14}},{"start":{"line":62,"column":10},"end":{"line":67,"column":18}}],"line":61},"12":{"loc":{"start":{"line":76,"column":26},"end":{"line":76,"column":50}},"type":"cond-expr","locations":[{"start":{"line":76,"column":34},"end":{"line":76,"column":40}},{"start":{"line":76,"column":43},"end":{"line":76,"column":50}}],"line":76},"13":{"loc":{"start":{"line":87,"column":11},"end":{"line":95,"column":11}},"type":"binary-expr","locations":[{"start":{"line":87,"column":11},"end":{"line":87,"column":31}},{"start":{"line":88,"column":12},"end":{"line":94,"column":18}}],"line":87},"14":{"loc":{"start":{"line":89,"column":15},"end":{"line":93,"column":15}},"type":"cond-expr","locations":[{"start":{"line":90,"column":16},"end":{"line":90,"column":60}},{"start":{"line":92,"column":16},"end":{"line":92,"column":69}}],"line":89},"15":{"loc":{"start":{"line":97,"column":9},"end":{"line":101,"column":9}},"type":"binary-expr","locations":[{"start":{"line":97,"column":9},"end":{"line":97,"column":14}},{"start":{"line":98,"column":10},"end":{"line":100,"column":14}}],"line":97},"16":{"loc":{"start":{"line":102,"column":9},"end":{"line":106,"column":9}},"type":"binary-expr","locations":[{"start":{"line":102,"column":9},"end":{"line":102,"column":19}},{"start":{"line":102,"column":23},"end":{"line":102,"column":29}},{"start":{"line":103,"column":10},"end":{"line":105,"column":14}}],"line":102}},"s":{"0":3,"1":54,"2":54,"3":54,"4":108,"5":108,"6":0,"7":108,"8":82,"9":54,"10":0,"11":0,"12":54,"13":5,"14":5,"15":5,"16":0,"17":5,"18":4,"19":54,"20":3},"f":{"0":54,"1":108,"2":0,"3":5},"b":{"0":[14],"1":[13],"2":[53],"3":[54],"4":[0,108],"5":[82,26],"6":[0,0],"7":[5,0],"8":[5,5],"9":[4,1],"10":[40,14],"11":[54,41],"12":[3,51],"13":[54,53],"14":[10,43],"15":[54,3],"16":[54,42,40]},"_coverageSchema":"1a1c01bbd47fc00a2c39e90264f33305004495a9","hash":"15f319a760c3dafb0493e2cacd748584c3944be0"}
,"/home/ubuntu/project/mechanism-sharing-app2/frontend/src/components/common/Footer.tsx": {"path":"/home/ubuntu/project/mechanism-sharing-app2/frontend/src/components/common/Footer.tsx","statementMap":{"0":{"start":{"line":16,"column":45},"end":{"line":64,"column":1}},"1":{"start":{"line":21,"column":2},"end":{"line":63,"column":4}},"2":{"start":{"line":36,"column":16},"end":{"line":56,"column":17}}},"fnMap":{"0":{"name":"(anonymous_0)","decl":{"start":{"line":16,"column":45},"end":{"line":16,"column":46}},"loc":{"start":{"line":20,"column":6},"end":{"line":64,"column":1}},"line":20},"1":{"name":"(anonymous_1)","decl":{"start":{"line":35,"column":25},"end":{"line":35,"column":26}},"loc":{"start":{"line":36,"column":16},"end":{"line":56,"column":17}},"line":36}},"branchMap":{"0":{"loc":{"start":{"line":17,"column":2},"end":{"line":17,"column":61}},"type":"default-arg","locations":[{"start":{"line":17,"column":14},"end":{"line":17,"column":61}}],"line":17},"1":{"loc":{"start":{"line":18,"column":2},"end":{"line":18,"column":12}},"type":"default-arg","locations":[{"start":{"line":18,"column":10},"end":{"line":18,"column":12}}],"line":18},"2":{"loc":{"start":{"line":19,"column":2},"end":{"line":19,"column":16}},"type":"default-arg","locations":[{"start":{"line":19,"column":14},"end":{"line":19,"column":16}}],"line":19},"3":{"loc":{"start":{"line":33,"column":11},"end":{"line":59,"column":11}},"type":"binary-expr","locations":[{"start":{"line":33,"column":11},"end":{"line":33,"column":27}},{"start":{"line":34,"column":12},"end":{"line":58,"column":18}}],"line":33},"4":{"loc":{"start":{"line":36,"column":16},"end":{"line":56,"column":17}},"type":"cond-expr","locations":[{"start":{"line":37,"column":18},"end":{"line":46,"column":22}},{"start":{"line":48,"column":18},"end":{"line":55,"column":25}}],"line":36}},"s":{"0":1,"1":7,"2":5},"f":{"0":7,"1":5},"b":{"0":[6],"1":[4],"2":[6],"3":[7,3],"4":[2,3]},"_coverageSchema":"1a1c01bbd47fc00a2c39e90264f33305004495a9","hash":"2f4154269bd8e5c052989ece448fee2d0d6271cc"}
,"/home/ubuntu/project/mechanism-sharing-app2/frontend/src/components/common/Header.tsx": {"path":"/home/ubuntu/project/mechanism-sharing-app2/frontend/src/components/common/Header.tsx","statementMap":{"0":{"start":{"line":13,"column":45},"end":{"line":69,"column":1}},"1":{"start":{"line":21,"column":2},"end":{"line":68,"column":4}}},"fnMap":{"0":{"name":"(anonymous_0)","decl":{"start":{"line":13,"column":45},"end":{"line":13,"column":46}},"loc":{"start":{"line":20,"column":6},"end":{"line":69,"column":1}},"line":20}},"branchMap":{"0":{"loc":{"start":{"line":17,"column":2},"end":{"line":17,"column":17}},"type":"default-arg","locations":[{"start":{"line":17,"column":13},"end":{"line":17,"column":17}}],"line":17},"1":{"loc":{"start":{"line":19,"column":2},"end":{"line":19,"column":16}},"type":"default-arg","locations":[{"start":{"line":19,"column":14},"end":{"line":19,"column":16}}],"line":19},"2":{"loc":{"start":{"line":25,"column":11},"end":{"line":45,"column":11}},"type":"binary-expr","locations":[{"start":{"line":25,"column":11},"end":{"line":25,"column":19}},{"start":{"line":26,"column":12},"end":{"line":44,"column":19}}],"line":25},"3":{"loc":{"start":{"line":53,"column":9},"end":{"line":57,"column":9}},"type":"binary-expr","locations":[{"start":{"line":53,"column":9},"end":{"line":53,"column":21}},{"start":{"line":54,"column":10},"end":{"line":56,"column":16}}],"line":53},"4":{"loc":{"start":{"line":59,"column":7},"end":{"line":66,"column":7}},"type":"binary-expr","locations":[{"start":{"line":59,"column":7},"end":{"line":59,"column":15}},{"start":{"line":60,"column":8},"end":{"line":65,"column":12}}],"line":59}},"s":{"0":1,"1":9},"f":{"0":9},"b":{"0":[8],"1":[8],"2":[9,2],"3":[9,1],"4":[9,1]},"_coverageSchema":"1a1c01bbd47fc00a2c39e90264f33305004495a9","hash":"bd86b3a150d5669d73e6714553ca6ae4b2a31f46"}
,"/home/ubuntu/project/mechanism-sharing-app2/frontend/src/components/common/Input.tsx": {"path":"/home/ubuntu/project/mechanism-sharing-app2/frontend/src/components/common/Input.tsx","statementMap":{"0":{"start":{"line":10,"column":21},"end":{"line":49,"column":1}},"1":{"start":{"line":12,"column":4},"end":{"line":47,"column":6}},"2":{"start":{"line":51,"column":0},"end":{"line":51,"column":28}}},"fnMap":{"0":{"name":"(anonymous_0)","decl":{"start":{"line":11,"column":2},"end":{"line":11,"column":3}},"loc":{"start":{"line":11,"column":86},"end":{"line":48,"column":3}},"line":11}},"branchMap":{"0":{"loc":{"start":{"line":11,"column":19},"end":{"line":11,"column":36}},"type":"default-arg","locations":[{"start":{"line":11,"column":31},"end":{"line":11,"column":36}}],"line":11},"1":{"loc":{"start":{"line":11,"column":50},"end":{"line":11,"column":64}},"type":"default-arg","locations":[{"start":{"line":11,"column":62},"end":{"line":11,"column":64}}],"line":11},"2":{"loc":{"start":{"line":13,"column":30},"end":{"line":13,"column":55}},"type":"cond-expr","locations":[{"start":{"line":13,"column":42},"end":{"line":13,"column":50}},{"start":{"line":13,"column":53},"end":{"line":13,"column":55}}],"line":13},"3":{"loc":{"start":{"line":14,"column":9},"end":{"line":21,"column":9}},"type":"binary-expr","locations":[{"start":{"line":14,"column":9},"end":{"line":14,"column":14}},{"start":{"line":15,"column":10},"end":{"line":20,"column":18}}],"line":14},"4":{"loc":{"start":{"line":29,"column":14},"end":{"line":29,"column":58}},"type":"cond-expr","locations":[{"start":{"line":29,"column":22},"end":{"line":29,"column":38}},{"start":{"line":29,"column":41},"end":{"line":29,"column":58}}],"line":29},"5":{"loc":{"start":{"line":30,"column":14},"end":{"line":30,"column":39}},"type":"cond-expr","locations":[{"start":{"line":30,"column":26},"end":{"line":30,"column":34}},{"start":{"line":30,"column":37},"end":{"line":30,"column":39}}],"line":30},"6":{"loc":{"start":{"line":33,"column":24},"end":{"line":33,"column":48}},"type":"cond-expr","locations":[{"start":{"line":33,"column":32},"end":{"line":33,"column":38}},{"start":{"line":33,"column":41},"end":{"line":33,"column":48}}],"line":33},"7":{"loc":{"start":{"line":36,"column":9},"end":{"line":40,"column":9}},"type":"binary-expr","locations":[{"start":{"line":36,"column":9},"end":{"line":36,"column":14}},{"start":{"line":37,"column":10},"end":{"line":39,"column":14}}],"line":36},"8":{"loc":{"start":{"line":41,"column":9},"end":{"line":45,"column":9}},"type":"binary-expr","locations":[{"start":{"line":41,"column":9},"end":{"line":41,"column":19}},{"start":{"line":41,"column":23},"end":{"line":41,"column":29}},{"start":{"line":42,"column":10},"end":{"line":44,"column":14}}],"line":41}},"s":{"0":3,"1":49,"2":3},"f":{"0":49},"b":{"0":[8],"1":[49],"2":[41,8],"3":[49,41],"4":[3,46],"5":[41,8],"6":[3,46],"7":[49,3],"8":[49,22,21]},"_coverageSchema":"1a1c01bbd47fc00a2c39e90264f33305004495a9","hash":"12841368f57d306a3e2d774d7eaa437b430b6a07"}
,"/home/ubuntu/project/mechanism-sharing-app2/frontend/src/components/common/Loading.tsx": {"path":"/home/ubuntu/project/mechanism-sharing-app2/frontend/src/components/common/Loading.tsx","statementMap":{"0":{"start":{"line":11,"column":47},"end":{"line":67,"column":1}},"1":{"start":{"line":18,"column":22},"end":{"line":22,"column":3}},"2":{"start":{"line":25,"column":4},"end":{"line":52,"column":10}},"3":{"start":{"line":55,"column":2},"end":{"line":64,"column":3}},"4":{"start":{"line":56,"column":4},"end":{"line":63,"column":6}},"5":{"start":{"line":66,"column":2},"end":{"line":66,"column":17}}},"fnMap":{"0":{"name":"(anonymous_0)","decl":{"start":{"line":11,"column":47},"end":{"line":11,"column":48}},"loc":{"start":{"line":17,"column":6},"end":{"line":67,"column":1}},"line":17}},"branchMap":{"0":{"loc":{"start":{"line":12,"column":2},"end":{"line":12,"column":13}},"type":"default-arg","locations":[{"start":{"line":12,"column":9},"end":{"line":12,"column":13}}],"line":12},"1":{"loc":{"start":{"line":13,"column":2},"end":{"line":13,"column":25}},"type":"default-arg","locations":[{"start":{"line":13,"column":10},"end":{"line":13,"column":25}}],"line":13},"2":{"loc":{"start":{"line":14,"column":2},"end":{"line":14,"column":20}},"type":"default-arg","locations":[{"start":{"line":14,"column":15},"end":{"line":14,"column":20}}],"line":14},"3":{"loc":{"start":{"line":16,"column":2},"end":{"line":16,"column":16}},"type":"default-arg","locations":[{"start":{"line":16,"column":14},"end":{"line":16,"column":16}}],"line":16},"4":{"loc":{"start":{"line":51,"column":7},"end":{"line":51,"column":94}},"type":"binary-expr","locations":[{"start":{"line":51,"column":7},"end":{"line":51,"column":11}},{"start":{"line":51,"column":15},"end":{"line":51,"column":94}}],"line":51},"5":{"loc":{"start":{"line":55,"column":2},"end":{"line":64,"column":3}},"type":"if","locations":[{"start":{"line":55,"column":2},"end":{"line":64,"column":3}},{"start":{},"end":{}}],"line":55}},"s":{"0":4,"1":27,"2":27,"3":27,"4":1,"5":26},"f":{"0":27},"b":{"0":[24],"1":[26],"2":[26],"3":[26],"4":[27,10],"5":[1,26]},"_coverageSchema":"1a1c01bbd47fc00a2c39e90264f33305004495a9","hash":"c318eec4795a445681a9b5f73ae1052b64704ed0"}
,"/home/ubuntu/project/mechanism-sharing-app2/frontend/src/components/common/Pagination.tsx": {"path":"/home/ubuntu/project/mechanism-sharing-app2/frontend/src/components/common/Pagination.tsx","statementMap":{"0":{"start":{"line":13,"column":53},"end":{"line":142,"column":1}},"1":{"start":{"line":21,"column":2},"end":{"line":21,"column":35}},"2":{"start":{"line":21,"column":23},"end":{"line":21,"column":35}},"3":{"start":{"line":23,"column":27},"end":{"line":26,"column":3}},"4":{"start":{"line":24,"column":4},"end":{"line":24,"column":70}},"5":{"start":{"line":24,"column":63},"end":{"line":24,"column":70}},"6":{"start":{"line":25,"column":4},"end":{"line":25,"column":23}},"7":{"start":{"line":29,"column":25},"end":{"line":48,"column":3}},"8":{"start":{"line":30,"column":4},"end":{"line":32,"column":5}},"9":{"start":{"line":31,"column":6},"end":{"line":31,"column":65}},"10":{"start":{"line":31,"column":58},"end":{"line":31,"column":63}},"11":{"start":{"line":35,"column":24},"end":{"line":35,"column":55}},"12":{"start":{"line":36,"column":20},"end":{"line":36,"column":58}},"13":{"start":{"line":37,"column":18},"end":{"line":37,"column":71}},"14":{"start":{"line":40,"column":4},"end":{"line":42,"column":5}},"15":{"start":{"line":41,"column":6},"end":{"line":41,"column":61}},"16":{"start":{"line":44,"column":4},"end":{"line":47,"column":6}},"17":{"start":{"line":46,"column":16},"end":{"line":46,"column":29}},"18":{"start":{"line":50,"column":22},"end":{"line":50,"column":38}},"19":{"start":{"line":52,"column":2},"end":{"line":141,"column":4}},"20":{"start":{"line":58,"column":25},"end":{"line":58,"column":44}},"21":{"start":{"line":68,"column":23},"end":{"line":68,"column":56}},"22":{"start":{"line":80,"column":27},"end":{"line":80,"column":46}},"23":{"start":{"line":92,"column":8},"end":{"line":101,"column":17}},"24":{"start":{"line":96,"column":25},"end":{"line":96,"column":47}},"25":{"start":{"line":112,"column":27},"end":{"line":112,"column":55}},"26":{"start":{"line":123,"column":23},"end":{"line":123,"column":56}},"27":{"start":{"line":133,"column":25},"end":{"line":133,"column":53}}},"fnMap":{"0":{"name":"(anonymous_0)","decl":{"start":{"line":13,"column":53},"end":{"line":13,"column":54}},"loc":{"start":{"line":20,"column":6},"end":{"line":142,"column":1}},"line":20},"1":{"name":"(anonymous_1)","decl":{"start":{"line":23,"column":27},"end":{"line":23,"column":28}},"loc":{"start":{"line":23,"column":45},"end":{"line":26,"column":3}},"line":23},"2":{"name":"(anonymous_2)","decl":{"start":{"line":29,"column":25},"end":{"line":29,"column":26}},"loc":{"start":{"line":29,"column":41},"end":{"line":48,"column":3}},"line":29},"3":{"name":"(anonymous_3)","decl":{"start":{"line":31,"column":48},"end":{"line":31,"column":49}},"loc":{"start":{"line":31,"column":58},"end":{"line":31,"column":63}},"line":31},"4":{"name":"(anonymous_4)","decl":{"start":{"line":46,"column":6},"end":{"line":46,"column":7}},"loc":{"start":{"line":46,"column":16},"end":{"line":46,"column":29}},"line":46},"5":{"name":"(anonymous_5)","decl":{"start":{"line":58,"column":19},"end":{"line":58,"column":20}},"loc":{"start":{"line":58,"column":25},"end":{"line":58,"column":44}},"line":58},"6":{"name":"(anonymous_6)","decl":{"start":{"line":68,"column":17},"end":{"line":68,"column":18}},"loc":{"start":{"line":68,"column":23},"end":{"line":68,"column":56}},"line":68},"7":{"name":"(anonymous_7)","decl":{"start":{"line":80,"column":21},"end":{"line":80,"column":22}},"loc":{"start":{"line":80,"column":27},"end":{"line":80,"column":46}},"line":80},"8":{"name":"(anonymous_8)","decl":{"start":{"line":91,"column":23},"end":{"line":91,"column":24}},"loc":{"start":{"line":92,"column":8},"end":{"line":101,"column":17}},"line":92},"9":{"name":"(anonymous_9)","decl":{"start":{"line":96,"column":19},"end":{"line":96,"column":20}},"loc":{"start":{"line":96,"column":25},"end":{"line":96,"column":47}},"line":96},"10":{"name":"(anonymous_10)","decl":{"start":{"line":112,"column":21},"end":{"line":112,"column":22}},"loc":{"start":{"line":112,"column":27},"end":{"line":112,"column":55}},"line":112},"11":{"name":"(anonymous_11)","decl":{"start":{"line":123,"column":17},"end":{"line":123,"column":18}},"loc":{"start":{"line":123,"column":23},"end":{"line":123,"column":56}},"line":123},"12":{"name":"(anonymous_12)","decl":{"start":{"line":133,"column":19},"end":{"line":133,"column":20}},"loc":{"start":{"line":133,"column":25},"end":{"line":133,"column":53}},"line":133}},"branchMap":{"0":{"loc":{"start":{"line":17,"column":2},"end":{"line":17,"column":16}},"type":"default-arg","locations":[{"start":{"line":17,"column":14},"end":{"line":17,"column":16}}],"line":17},"1":{"loc":{"start":{"line":18,"column":2},"end":{"line":18,"column":29}},"type":"default-arg","locations":[{"start":{"line":18,"column":25},"end":{"line":18,"column":29}}],"line":18},"2":{"loc":{"start":{"line":19,"column":2},"end":{"line":19,"column":21}},"type":"default-arg","locations":[{"start":{"line":19,"column":20},"end":{"line":19,"column":21}}],"line":19},"3":{"loc":{"start":{"line":21,"column":2},"end":{"line":21,"column":35}},"type":"if","locations":[{"start":{"line":21,"column":2},"end":{"line":21,"column":35}},{"start":{},"end":{}}],"line":21},"4":{"loc":{"start":{"line":24,"column":4},"end":{"line":24,"column":70}},"type":"if","locations":[{"start":{"line":24,"column":4},"end":{"line":24,"column":70}},{"start":{},"end":{}}],"line":24},"5":{"loc":{"start":{"line":24,"column":8},"end":{"line":24,"column":61}},"type":"binary-expr","locations":[{"start":{"line":24,"column":8},"end":{"line":24,"column":16}},{"start":{"line":24,"column":20},"end":{"line":24,"column":37}},{"start":{"line":24,"column":41},"end":{"line":24,"column":61}}],"line":24},"6":{"loc":{"start":{"line":30,"column":4},"end":{"line":32,"column":5}},"type":"if","locations":[{"start":{"line":30,"column":4},"end":{"line":32,"column":5}},{"start":{},"end":{}}],"line":30},"7":{"loc":{"start":{"line":40,"column":4},"end":{"line":42,"column":5}},"type":"if","locations":[{"start":{"line":40,"column":4},"end":{"line":42,"column":5}},{"start":{},"end":{}}],"line":40},"8":{"loc":{"start":{"line":54,"column":7},"end":{"line":64,"column":7}},"type":"binary-expr","locations":[{"start":{"line":54,"column":7},"end":{"line":54,"column":27}},{"start":{"line":55,"column":8},"end":{"line":63,"column":17}}],"line":54},"9":{"loc":{"start":{"line":75,"column":7},"end":{"line":89,"column":7}},"type":"binary-expr","locations":[{"start":{"line":75,"column":7},"end":{"line":75,"column":25}},{"start":{"line":76,"column":8},"end":{"line":88,"column":11}}],"line":75},"10":{"loc":{"start":{"line":85,"column":11},"end":{"line":87,"column":11}},"type":"binary-expr","locations":[{"start":{"line":85,"column":11},"end":{"line":85,"column":29}},{"start":{"line":86,"column":12},"end":{"line":86,"column":59}}],"line":85},"11":{"loc":{"start":{"line":94,"column":19},"end":{"line":94,"column":63}},"type":"cond-expr","locations":[{"start":{"line":94,"column":42},"end":{"line":94,"column":51}},{"start":{"line":94,"column":54},"end":{"line":94,"column":63}}],"line":94},"12":{"loc":{"start":{"line":98,"column":24},"end":{"line":98,"column":65}},"type":"cond-expr","locations":[{"start":{"line":98,"column":47},"end":{"line":98,"column":53}},{"start":{"line":98,"column":56},"end":{"line":98,"column":65}}],"line":98},"13":{"loc":{"start":{"line":104,"column":7},"end":{"line":118,"column":7}},"type":"binary-expr","locations":[{"start":{"line":104,"column":7},"end":{"line":104,"column":55}},{"start":{"line":105,"column":8},"end":{"line":117,"column":11}}],"line":104},"14":{"loc":{"start":{"line":106,"column":11},"end":{"line":108,"column":11}},"type":"binary-expr","locations":[{"start":{"line":106,"column":11},"end":{"line":106,"column":63}},{"start":{"line":107,"column":12},"end":{"line":107,"column":59}}],"line":106},"15":{"loc":{"start":{"line":129,"column":7},"end":{"line":139,"column":7}},"type":"binary-expr","locations":[{"start":{"line":129,"column":7},"end":{"line":129,"column":27}},{"start":{"line":130,"column":8},"end":{"line":138,"column":17}}],"line":129}},"s":{"0":3,"1":17,"2":1,"3":16,"4":6,"5":1,"6":5,"7":16,"8":16,"9":15,"10":57,"11":1,"12":1,"13":1,"14":1,"15":0,"16":1,"17":3,"18":16,"19":16,"20":0,"21":1,"22":0,"23":60,"24":2,"25":0,"26":3,"27":0},"f":{"0":17,"1":6,"2":16,"3":57,"4":3,"5":0,"6":1,"7":0,"8":60,"9":2,"10":0,"11":3,"12":0},"b":{"0":[16],"1":[16],"2":[16],"3":[1,16],"4":[1,5],"5":[6,6,6],"6":[15,1],"7":[0,1],"8":[16,15],"9":[16,1],"10":[1,1],"11":[16,44],"12":[16,44],"13":[16,1],"14":[1,1],"15":[16,15]},"_coverageSchema":"1a1c01bbd47fc00a2c39e90264f33305004495a9","hash":"bef2069e0234fbbd94c517de7bef42351a5aae0f"}
,"/home/ubuntu/project/mechanism-sharing-app2/frontend/src/components/common/Select.tsx": {"path":"/home/ubuntu/project/mechanism-sharing-app2/frontend/src/components/common/Select.tsx","statementMap":{"0":{"start":{"line":17,"column":22},"end":{"line":74,"column":1}},"1":{"start":{"line":27,"column":4},"end":{"line":72,"column":6}},"2":{"start":{"line":56,"column":12},"end":{"line":58,"column":21}},"3":{"start":{"line":76,"column":0},"end":{"line":76,"column":30}}},"fnMap":{"0":{"name":"(anonymous_0)","decl":{"start":{"line":18,"column":2},"end":{"line":18,"column":3}},"loc":{"start":{"line":26,"column":13},"end":{"line":73,"column":3}},"line":26},"1":{"name":"(anonymous_1)","decl":{"start":{"line":55,"column":23},"end":{"line":55,"column":24}},"loc":{"start":{"line":56,"column":12},"end":{"line":58,"column":21}},"line":56}},"branchMap":{"0":{"loc":{"start":{"line":21,"column":4},"end":{"line":21,"column":21}},"type":"default-arg","locations":[{"start":{"line":21,"column":16},"end":{"line":21,"column":21}}],"line":21},"1":{"loc":{"start":{"line":24,"column":4},"end":{"line":24,"column":18}},"type":"default-arg","locations":[{"start":{"line":24,"column":16},"end":{"line":24,"column":18}}],"line":24},"2":{"loc":{"start":{"line":28,"column":30},"end":{"line":28,"column":55}},"type":"cond-expr","locations":[{"start":{"line":28,"column":42},"end":{"line":28,"column":50}},{"start":{"line":28,"column":53},"end":{"line":28,"column":55}}],"line":28},"3":{"loc":{"start":{"line":29,"column":9},"end":{"line":36,"column":9}},"type":"binary-expr","locations":[{"start":{"line":29,"column":9},"end":{"line":29,"column":14}},{"start":{"line":30,"column":10},"end":{"line":35,"column":18}}],"line":29},"4":{"loc":{"start":{"line":43,"column":14},"end":{"line":43,"column":58}},"type":"cond-expr","locations":[{"start":{"line":43,"column":22},"end":{"line":43,"column":38}},{"start":{"line":43,"column":41},"end":{"line":43,"column":58}}],"line":43},"5":{"loc":{"start":{"line":44,"column":14},"end":{"line":44,"column":39}},"type":"cond-expr","locations":[{"start":{"line":44,"column":26},"end":{"line":44,"column":34}},{"start":{"line":44,"column":37},"end":{"line":44,"column":39}}],"line":44},"6":{"loc":{"start":{"line":47,"column":24},"end":{"line":47,"column":48}},"type":"cond-expr","locations":[{"start":{"line":47,"column":32},"end":{"line":47,"column":38}},{"start":{"line":47,"column":41},"end":{"line":47,"column":48}}],"line":47},"7":{"loc":{"start":{"line":50,"column":11},"end":{"line":54,"column":11}},"type":"binary-expr","locations":[{"start":{"line":50,"column":11},"end":{"line":50,"column":28}},{"start":{"line":51,"column":12},"end":{"line":53,"column":21}}],"line":50},"8":{"loc":{"start":{"line":61,"column":9},"end":{"line":65,"column":9}},"type":"binary-expr","locations":[{"start":{"line":61,"column":9},"end":{"line":61,"column":14}},{"start":{"line":62,"column":10},"end":{"line":64,"column":14}}],"line":61},"9":{"loc":{"start":{"line":66,"column":9},"end":{"line":70,"column":9}},"type":"binary-expr","locations":[{"start":{"line":66,"column":9},"end":{"line":66,"column":19}},{"start":{"line":66,"column":23},"end":{"line":66,"column":29}},{"start":{"line":67,"column":10},"end":{"line":69,"column":14}}],"line":66}},"s":{"0":3,"1":30,"2":130,"3":3},"f":{"0":30,"1":130},"b":{"0":[9],"1":[30],"2":[21,9],"3":[30,21],"4":[2,28],"5":[21,9],"6":[2,28],"7":[30,1],"8":[30,2],"9":[30,2,1]},"_coverageSchema":"1a1c01bbd47fc00a2c39e90264f33305004495a9","hash":"638dab5fd13e4b2dc9dcfbb7cc20103805fbf530"}
,"/home/ubuntu/project/mechanism-sharing-app2/frontend/src/components/common/TextArea.tsx": {"path":"/home/ubuntu/project/mechanism-sharing-app2/frontend/src/components/common/TextArea.tsx","statementMap":{"0":{"start":{"line":11,"column":24},"end":{"line":59,"column":1}},"1":{"start":{"line":21,"column":4},"end":{"line":57,"column":6}},"2":{"start":{"line":61,"column":0},"end":{"line":61,"column":34}}},"fnMap":{"0":{"name":"(anonymous_0)","decl":{"start":{"line":12,"column":2},"end":{"line":12,"column":3}},"loc":{"start":{"line":20,"column":13},"end":{"line":58,"column":3}},"line":20}},"branchMap":{"0":{"loc":{"start":{"line":15,"column":4},"end":{"line":15,"column":21}},"type":"default-arg","locations":[{"start":{"line":15,"column":16},"end":{"line":15,"column":21}}],"line":15},"1":{"loc":{"start":{"line":17,"column":4},"end":{"line":17,"column":12}},"type":"default-arg","locations":[{"start":{"line":17,"column":11},"end":{"line":17,"column":12}}],"line":17},"2":{"loc":{"start":{"line":18,"column":4},"end":{"line":18,"column":18}},"type":"default-arg","locations":[{"start":{"line":18,"column":16},"end":{"line":18,"column":18}}],"line":18},"3":{"loc":{"start":{"line":22,"column":30},"end":{"line":22,"column":55}},"type":"cond-expr","locations":[{"start":{"line":22,"column":42},"end":{"line":22,"column":50}},{"start":{"line":22,"column":53},"end":{"line":22,"column":55}}],"line":22},"4":{"loc":{"start":{"line":23,"column":9},"end":{"line":30,"column":9}},"type":"binary-expr","locations":[{"start":{"line":23,"column":9},"end":{"line":23,"column":14}},{"start":{"line":24,"column":10},"end":{"line":29,"column":18}}],"line":23},"5":{"loc":{"start":{"line":39,"column":14},"end":{"line":39,"column":58}},"type":"cond-expr","locations":[{"start":{"line":39,"column":22},"end":{"line":39,"column":38}},{"start":{"line":39,"column":41},"end":{"line":39,"column":58}}],"line":39},"6":{"loc":{"start":{"line":40,"column":14},"end":{"line":40,"column":39}},"type":"cond-expr","locations":[{"start":{"line":40,"column":26},"end":{"line":40,"column":34}},{"start":{"line":40,"column":37},"end":{"line":40,"column":39}}],"line":40},"7":{"loc":{"start":{"line":43,"column":24},"end":{"line":43,"column":48}},"type":"cond-expr","locations":[{"start":{"line":43,"column":32},"end":{"line":43,"column":38}},{"start":{"line":43,"column":41},"end":{"line":43,"column":48}}],"line":43},"8":{"loc":{"start":{"line":46,"column":9},"end":{"line":50,"column":9}},"type":"binary-expr","locations":[{"start":{"line":46,"column":9},"end":{"line":46,"column":14}},{"start":{"line":47,"column":10},"end":{"line":49,"column":14}}],"line":46},"9":{"loc":{"start":{"line":51,"column":9},"end":{"line":55,"column":9}},"type":"binary-expr","locations":[{"start":{"line":51,"column":9},"end":{"line":51,"column":19}},{"start":{"line":51,"column":23},"end":{"line":51,"column":29}},{"start":{"line":52,"column":10},"end":{"line":54,"column":14}}],"line":51}},"s":{"0":3,"1":31,"2":3},"f":{"0":31},"b":{"0":[10],"1":[10],"2":[31],"3":[21,10],"4":[31,21],"5":[3,28],"6":[21,10],"7":[3,28],"8":[31,3],"9":[31,22,20]},"_coverageSchema":"1a1c01bbd47fc00a2c39e90264f33305004495a9","hash":"1fcf64bddf3a7257dab928c18afd547d687204e6"}
,"/home/ubuntu/project/mechanism-sharing-app2/frontend/src/components/layout/Layout.tsx": {"path":"/home/ubuntu/project/mechanism-sharing-app2/frontend/src/components/layout/Layout.tsx","statementMap":{"0":{"start":{"line":12,"column":38},"end":{"line":26,"column":1}},"1":{"start":{"line":13,"column":2},"end":{"line":25,"column":4}}},"fnMap":{"0":{"name":"(anonymous_0)","decl":{"start":{"line":12,"column":38},"end":{"line":12,"column":39}},"loc":{"start":{"line":12,"column":56},"end":{"line":26,"column":1}},"line":12}},"branchMap":{},"s":{"0":1,"1":0},"f":{"0":0},"b":{},"_coverageSchema":"1a1c01bbd47fc00a2c39e90264f33305004495a9","hash":"8fd778f953e8fd303c69ae7c7a11f31510ea1f1f"}
,"/home/ubuntu/project/mechanism-sharing-app2/frontend/src/components/layout/Navbar.tsx": {"path":"/home/ubuntu/project/mechanism-sharing-app2/frontend/src/components/layout/Navbar.tsx","statementMap":{"0":{"start":{"line":5,"column":25},"end":{"line":162,"column":1}},"1":{"start":{"line":6,"column":44},"end":{"line":6,"column":53}},"2":{"start":{"line":7,"column":19},"end":{"line":7,"column":32}},"3":{"start":{"line":9,"column":23},"end":{"line":12,"column":3}},"4":{"start":{"line":10,"column":4},"end":{"line":10,"column":13}},"5":{"start":{"line":11,"column":4},"end":{"line":11,"column":23}},"6":{"start":{"line":14,"column":2},"end":{"line":161,"column":4}}},"fnMap":{"0":{"name":"(anonymous_0)","decl":{"start":{"line":5,"column":25},"end":{"line":5,"column":26}},"loc":{"start":{"line":5,"column":31},"end":{"line":162,"column":1}},"line":5},"1":{"name":"(anonymous_1)","decl":{"start":{"line":9,"column":23},"end":{"line":9,"column":24}},"loc":{"start":{"line":9,"column":29},"end":{"line":12,"column":3}},"line":9}},"branchMap":{"0":{"loc":{"start":{"line":32,"column":17},"end":{"line":39,"column":17}},"type":"binary-expr","locations":[{"start":{"line":32,"column":17},"end":{"line":32,"column":32}},{"start":{"line":33,"column":18},"end":{"line":38,"column":25}}],"line":32},"1":{"loc":{"start":{"line":45,"column":15},"end":{"line":72,"column":15}},"type":"cond-expr","locations":[{"start":{"line":46,"column":16},"end":{"line":56,"column":22}},{"start":{"line":58,"column":16},"end":{"line":71,"column":22}}],"line":45},"2":{"loc":{"start":{"line":111,"column":11},"end":{"line":118,"column":11}},"type":"binary-expr","locations":[{"start":{"line":111,"column":11},"end":{"line":111,"column":26}},{"start":{"line":112,"column":12},"end":{"line":117,"column":19}}],"line":111},"3":{"loc":{"start":{"line":121,"column":11},"end":{"line":157,"column":11}},"type":"cond-expr","locations":[{"start":{"line":122,"column":12},"end":{"line":141,"column":18}},{"start":{"line":143,"column":12},"end":{"line":156,"column":18}}],"line":121}},"s":{"0":1,"1":0,"2":0,"3":0,"4":0,"5":0,"6":0},"f":{"0":0,"1":0},"b":{"0":[0,0],"1":[0,0],"2":[0,0],"3":[0,0]},"_coverageSchema":"1a1c01bbd47fc00a2c39e90264f33305004495a9","hash":"fd15a6158d12cda901a78eacb1008169718e0a93"}
,"/home/ubuntu/project/mechanism-sharing-app2/frontend/src/contexts/AuthContext.tsx": {"path":"/home/ubuntu/project/mechanism-sharing-app2/frontend/src/contexts/AuthContext.tsx","statementMap":{"0":{"start":{"line":7,"column":36},"end":{"line":13,"column":1}},"1":{"start":{"line":23,"column":20},"end":{"line":23,"column":73}},"2":{"start":{"line":31,"column":57},"end":{"line":155,"column":1}},"3":{"start":{"line":32,"column":36},"end":{"line":32,"column":73}},"4":{"start":{"line":33,"column":19},"end":{"line":33,"column":32}},"5":{"start":{"line":36,"column":2},"end":{"line":66,"column":9}},"6":{"start":{"line":37,"column":21},"end":{"line":63,"column":5}},"7":{"start":{"line":38,"column":6},"end":{"line":62,"column":7}},"8":{"start":{"line":39,"column":22},"end":{"line":39,"column":44}},"9":{"start":{"line":40,"column":21},"end":{"line":40,"column":49}},"10":{"start":{"line":42,"column":8},"end":{"line":55,"column":9}},"11":{"start":{"line":43,"column":10},"end":{"line":49,"column":13}},"12":{"start":{"line":51,"column":10},"end":{"line":54,"column":13}},"13":{"start":{"line":57,"column":8},"end":{"line":61,"column":11}},"14":{"start":{"line":65,"column":4},"end":{"line":65,"column":15}},"15":{"start":{"line":69,"column":16},"end":{"line":95,"column":3}},"16":{"start":{"line":70,"column":4},"end":{"line":94,"column":5}},"17":{"start":{"line":71,"column":6},"end":{"line":75,"column":9}},"18":{"start":{"line":77,"column":23},"end":{"line":77,"column":59}},"19":{"start":{"line":79,"column":6},"end":{"line":85,"column":9}},"20":{"start":{"line":87,"column":6},"end":{"line":87,"column":20}},"21":{"start":{"line":89,"column":6},"end":{"line":93,"column":9}},"22":{"start":{"line":98,"column":19},"end":{"line":130,"column":3}},"23":{"start":{"line":99,"column":4},"end":{"line":129,"column":5}},"24":{"start":{"line":100,"column":6},"end":{"line":104,"column":9}},"25":{"start":{"line":107,"column":6},"end":{"line":114,"column":7}},"26":{"start":{"line":108,"column":8},"end":{"line":112,"column":11}},"27":{"start":{"line":113,"column":8},"end":{"line":113,"column":15}},"28":{"start":{"line":116,"column":6},"end":{"line":116,"column":43}},"29":{"start":{"line":119,"column":6},"end":{"line":122,"column":9}},"30":{"start":{"line":124,"column":6},"end":{"line":128,"column":9}},"31":{"start":{"line":133,"column":17},"end":{"line":140,"column":3}},"32":{"start":{"line":134,"column":4},"end":{"line":134,"column":25}},"33":{"start":{"line":135,"column":4},"end":{"line":138,"column":7}},"34":{"start":{"line":139,"column":4},"end":{"line":139,"column":23}},"35":{"start":{"line":143,"column":40},"end":{"line":148,"column":3}},"36":{"start":{"line":150,"column":2},"end":{"line":154,"column":4}},"37":{"start":{"line":158,"column":23},"end":{"line":164,"column":1}},"38":{"start":{"line":159,"column":18},"end":{"line":159,"column":41}},"39":{"start":{"line":160,"column":2},"end":{"line":162,"column":3}},"40":{"start":{"line":161,"column":4},"end":{"line":161,"column":67}},"41":{"start":{"line":163,"column":2},"end":{"line":163,"column":17}}},"fnMap":{"0":{"name":"(anonymous_0)","decl":{"start":{"line":31,"column":57},"end":{"line":31,"column":58}},"loc":{"start":{"line":31,"column":75},"end":{"line":155,"column":1}},"line":31},"1":{"name":"(anonymous_1)","decl":{"start":{"line":36,"column":12},"end":{"line":36,"column":13}},"loc":{"start":{"line":36,"column":18},"end":{"line":66,"column":3}},"line":36},"2":{"name":"(anonymous_2)","decl":{"start":{"line":37,"column":21},"end":{"line":37,"column":22}},"loc":{"start":{"line":37,"column":27},"end":{"line":63,"column":5}},"line":37},"3":{"name":"(anonymous_3)","decl":{"start":{"line":69,"column":16},"end":{"line":69,"column":17}},"loc":{"start":{"line":69,"column":54},"end":{"line":95,"column":3}},"line":69},"4":{"name":"(anonymous_4)","decl":{"start":{"line":98,"column":19},"end":{"line":98,"column":20}},"loc":{"start":{"line":98,"column":57},"end":{"line":130,"column":3}},"line":98},"5":{"name":"(anonymous_5)","decl":{"start":{"line":133,"column":17},"end":{"line":133,"column":18}},"loc":{"start":{"line":133,"column":23},"end":{"line":140,"column":3}},"line":133},"6":{"name":"(anonymous_6)","decl":{"start":{"line":158,"column":23},"end":{"line":158,"column":24}},"loc":{"start":{"line":158,"column":46},"end":{"line":164,"column":1}},"line":158}},"branchMap":{"0":{"loc":{"start":{"line":42,"column":8},"end":{"line":55,"column":9}},"type":"if","locations":[{"start":{"line":42,"column":8},"end":{"line":55,"column":9}},{"start":{"line":50,"column":15},"end":{"line":55,"column":9}}],"line":42},"1":{"loc":{"start":{"line":42,"column":12},"end":{"line":42,"column":25}},"type":"binary-expr","locations":[{"start":{"line":42,"column":12},"end":{"line":42,"column":17}},{"start":{"line":42,"column":21},"end":{"line":42,"column":25}}],"line":42},"2":{"loc":{"start":{"line":107,"column":6},"end":{"line":114,"column":7}},"type":"if","locations":[{"start":{"line":107,"column":6},"end":{"line":114,"column":7}},{"start":{},"end":{}}],"line":107},"3":{"loc":{"start":{"line":160,"column":2},"end":{"line":162,"column":3}},"type":"if","locations":[{"start":{"line":160,"column":2},"end":{"line":162,"column":3}},{"start":{},"end":{}}],"line":160}},"s":{"0":4,"1":4,"2":4,"3":56,"4":56,"5":56,"6":22,"7":22,"8":22,"9":22,"10":22,"11":2,"12":20,"13":0,"14":22,"15":56,"16":3,"17":3,"18":3,"19":2,"20":2,"21":1,"22":56,"23":2,"24":2,"25":2,"26":0,"27":0,"28":2,"29":1,"30":1,"31":56,"32":1,"33":1,"34":1,"35":56,"36":56,"37":4,"38":27,"39":27,"40":0,"41":27},"f":{"0":56,"1":22,"2":22,"3":3,"4":2,"5":1,"6":27},"b":{"0":[2,20],"1":[22,2],"2":[0,2],"3":[0,27]},"_coverageSchema":"1a1c01bbd47fc00a2c39e90264f33305004495a9","hash":"760918f6299406f51c8ac5db5009d34e6d87acb9"}
,"/home/ubuntu/project/mechanism-sharing-app2/frontend/src/pages/LoginPage.tsx": {"path":"/home/ubuntu/project/mechanism-sharing-app2/frontend/src/pages/LoginPage.tsx","statementMap":{"0":{"start":{"line":6,"column":28},"end":{"line":34,"column":1}},"1":{"start":{"line":7,"column":30},"end":{"line":7,"column":39}},"2":{"start":{"line":8,"column":19},"end":{"line":8,"column":32}},"3":{"start":{"line":11,"column":2},"end":{"line":15,"column":34}},"4":{"start":{"line":12,"column":4},"end":{"line":14,"column":5}},"5":{"start":{"line":13,"column":6},"end":{"line":13,"column":20}},"6":{"start":{"line":17,"column":2},"end":{"line":33,"column":4}}},"fnMap":{"0":{"name":"(anonymous_0)","decl":{"start":{"line":6,"column":28},"end":{"line":6,"column":29}},"loc":{"start":{"line":6,"column":34},"end":{"line":34,"column":1}},"line":6},"1":{"name":"(anonymous_1)","decl":{"start":{"line":11,"column":12},"end":{"line":11,"column":13}},"loc":{"start":{"line":11,"column":18},"end":{"line":15,"column":3}},"line":11}},"branchMap":{"0":{"loc":{"start":{"line":12,"column":4},"end":{"line":14,"column":5}},"type":"if","locations":[{"start":{"line":12,"column":4},"end":{"line":14,"column":5}},{"start":{},"end":{}}],"line":12}},"s":{"0":1,"1":1,"2":1,"3":1,"4":1,"5":0,"6":1},"f":{"0":1,"1":1},"b":{"0":[0,1]},"_coverageSchema":"1a1c01bbd47fc00a2c39e90264f33305004495a9","hash":"31a406a71daee963bed41f55f7227729b73ac004"}
,"/home/ubuntu/project/mechanism-sharing-app2/frontend/src/pages/MechanismDetailPage.tsx": {"path":"/home/ubuntu/project/mechanism-sharing-app2/frontend/src/pages/MechanismDetailPage.tsx","statementMap":{"0":{"start":{"line":10,"column":38},"end":{"line":317,"column":1}},"1":{"start":{"line":12,"column":17},"end":{"line":12,"column":44}},"2":{"start":{"line":13,"column":22},"end":{"line":13,"column":45}},"3":{"start":{"line":16,"column":38},"end":{"line":16,"column":47}},"4":{"start":{"line":19,"column":36},"end":{"line":19,"column":74}},"5":{"start":{"line":20,"column":32},"end":{"line":20,"column":55}},"6":{"start":{"line":21,"column":28},"end":{"line":21,"column":57}},"7":{"start":{"line":22,"column":32},"end":{"line":22,"column":56}},"8":{"start":{"line":23,"column":38},"end":{"line":23,"column":57}},"9":{"start":{"line":24,"column":38},"end":{"line":24,"column":94}},"10":{"start":{"line":25,"column":46},"end":{"line":25,"column":102}},"11":{"start":{"line":28,"column":26},"end":{"line":28,"column":48}},"12":{"start":{"line":31,"column":31},"end":{"line":61,"column":3}},"13":{"start":{"line":32,"column":4},"end":{"line":60,"column":5}},"14":{"start":{"line":33,"column":6},"end":{"line":33,"column":23}},"15":{"start":{"line":34,"column":19},"end":{"line":34,"column":71}},"16":{"start":{"line":35,"column":6},"end":{"line":35,"column":25}},"17":{"start":{"line":36,"column":6},"end":{"line":36,"column":38}},"18":{"start":{"line":37,"column":6},"end":{"line":37,"column":21}},"19":{"start":{"line":40,"column":6},"end":{"line":51,"column":7}},"20":{"start":{"line":41,"column":8},"end":{"line":47,"column":9}},"21":{"start":{"line":42,"column":10},"end":{"line":42,"column":66}},"22":{"start":{"line":43,"column":10},"end":{"line":43,"column":41}},"23":{"start":{"line":44,"column":10},"end":{"line":44,"column":32}},"24":{"start":{"line":46,"column":10},"end":{"line":46,"column":44}},"25":{"start":{"line":50,"column":8},"end":{"line":50,"column":30}},"26":{"start":{"line":54,"column":6},"end":{"line":54,"column":32}},"27":{"start":{"line":56,"column":6},"end":{"line":56,"column":37}},"28":{"start":{"line":57,"column":6},"end":{"line":57,"column":43}},"29":{"start":{"line":59,"column":6},"end":{"line":59,"column":24}},"30":{"start":{"line":64,"column":30},"end":{"line":74,"column":3}},"31":{"start":{"line":65,"column":4},"end":{"line":73,"column":5}},"32":{"start":{"line":66,"column":24},"end":{"line":66,"column":77}},"33":{"start":{"line":67,"column":6},"end":{"line":70,"column":9}},"34":{"start":{"line":72,"column":6},"end":{"line":72,"column":40}},"35":{"start":{"line":77,"column":34},"end":{"line":87,"column":3}},"36":{"start":{"line":78,"column":4},"end":{"line":86,"column":5}},"37":{"start":{"line":79,"column":28},"end":{"line":79,"column":85}},"38":{"start":{"line":80,"column":6},"end":{"line":83,"column":9}},"39":{"start":{"line":85,"column":6},"end":{"line":85,"column":44}},"40":{"start":{"line":90,"column":25},"end":{"line":100,"column":3}},"41":{"start":{"line":91,"column":4},"end":{"line":98,"column":5}},"42":{"start":{"line":93,"column":6},"end":{"line":93,"column":66}},"43":{"start":{"line":95,"column":6},"end":{"line":95,"column":32}},"44":{"start":{"line":97,"column":6},"end":{"line":97,"column":44}},"45":{"start":{"line":103,"column":21},"end":{"line":128,"column":3}},"46":{"start":{"line":104,"column":4},"end":{"line":113,"column":5}},"47":{"start":{"line":107,"column":6},"end":{"line":111,"column":7}},"48":{"start":{"line":108,"column":8},"end":{"line":108,"column":40}},"49":{"start":{"line":110,"column":8},"end":{"line":110,"column":41}},"50":{"start":{"line":112,"column":6},"end":{"line":112,"column":13}},"51":{"start":{"line":115,"column":4},"end":{"line":127,"column":5}},"52":{"start":{"line":116,"column":6},"end":{"line":124,"column":7}},"53":{"start":{"line":117,"column":8},"end":{"line":117,"column":60}},"54":{"start":{"line":118,"column":8},"end":{"line":118,"column":26}},"55":{"start":{"line":119,"column":8},"end":{"line":119,"column":40}},"56":{"start":{"line":119,"column":30},"end":{"line":119,"column":38}},"57":{"start":{"line":121,"column":8},"end":{"line":121,"column":58}},"58":{"start":{"line":122,"column":8},"end":{"line":122,"column":25}},"59":{"start":{"line":123,"column":8},"end":{"line":123,"column":40}},"60":{"start":{"line":123,"column":30},"end":{"line":123,"column":38}},"61":{"start":{"line":126,"column":6},"end":{"line":126,"column":38}},"62":{"start":{"line":131,"column":2},"end":{"line":135,"column":20}},"63":{"start":{"line":132,"column":4},"end":{"line":134,"column":5}},"64":{"start":{"line":133,"column":6},"end":{"line":133,"column":29}},"65":{"start":{"line":138,"column":2},"end":{"line":144,"column":3}},"66":{"start":{"line":139,"column":4},"end":{"line":143,"column":6}},"67":{"start":{"line":147,"column":2},"end":{"line":172,"column":3}},"68":{"start":{"line":148,"column":4},"end":{"line":171,"column":6}},"69":{"start":{"line":174,"column":2},"end":{"line":316,"column":4}},"70":{"start":{"line":220,"column":24},"end":{"line":225,"column":31}}},"fnMap":{"0":{"name":"(anonymous_0)","decl":{"start":{"line":10,"column":38},"end":{"line":10,"column":39}},"loc":{"start":{"line":10,"column":44},"end":{"line":317,"column":1}},"line":10},"1":{"name":"(anonymous_1)","decl":{"start":{"line":31,"column":31},"end":{"line":31,"column":32}},"loc":{"start":{"line":31,"column":43},"end":{"line":61,"column":3}},"line":31},"2":{"name":"(anonymous_2)","decl":{"start":{"line":64,"column":30},"end":{"line":64,"column":31}},"loc":{"start":{"line":64,"column":42},"end":{"line":74,"column":3}},"line":64},"3":{"name":"(anonymous_3)","decl":{"start":{"line":77,"column":34},"end":{"line":77,"column":35}},"loc":{"start":{"line":77,"column":46},"end":{"line":87,"column":3}},"line":77},"4":{"name":"(anonymous_4)","decl":{"start":{"line":90,"column":25},"end":{"line":90,"column":26}},"loc":{"start":{"line":90,"column":75},"end":{"line":100,"column":3}},"line":90},"5":{"name":"(anonymous_5)","decl":{"start":{"line":103,"column":21},"end":{"line":103,"column":22}},"loc":{"start":{"line":103,"column":33},"end":{"line":128,"column":3}},"line":103},"6":{"name":"(anonymous_6)","decl":{"start":{"line":119,"column":22},"end":{"line":119,"column":23}},"loc":{"start":{"line":119,"column":30},"end":{"line":119,"column":38}},"line":119},"7":{"name":"(anonymous_7)","decl":{"start":{"line":123,"column":22},"end":{"line":123,"column":23}},"loc":{"start":{"line":123,"column":30},"end":{"line":123,"column":38}},"line":123},"8":{"name":"(anonymous_8)","decl":{"start":{"line":131,"column":12},"end":{"line":131,"column":13}},"loc":{"start":{"line":131,"column":18},"end":{"line":135,"column":3}},"line":131},"9":{"name":"(anonymous_9)","decl":{"start":{"line":219,"column":48},"end":{"line":219,"column":49}},"loc":{"start":{"line":220,"column":24},"end":{"line":225,"column":31}},"line":220}},"branchMap":{"0":{"loc":{"start":{"line":13,"column":31},"end":{"line":13,"column":40}},"type":"binary-expr","locations":[{"start":{"line":13,"column":31},"end":{"line":13,"column":33}},{"start":{"line":13,"column":37},"end":{"line":13,"column":40}}],"line":13},"1":{"loc":{"start":{"line":40,"column":6},"end":{"line":51,"column":7}},"type":"if","locations":[{"start":{"line":40,"column":6},"end":{"line":51,"column":7}},{"start":{"line":48,"column":13},"end":{"line":51,"column":7}}],"line":40},"2":{"loc":{"start":{"line":104,"column":4},"end":{"line":113,"column":5}},"type":"if","locations":[{"start":{"line":104,"column":4},"end":{"line":113,"column":5}},{"start":{},"end":{}}],"line":104},"3":{"loc":{"start":{"line":116,"column":6},"end":{"line":124,"column":7}},"type":"if","locations":[{"start":{"line":116,"column":6},"end":{"line":124,"column":7}},{"start":{"line":120,"column":13},"end":{"line":124,"column":7}}],"line":116},"4":{"loc":{"start":{"line":132,"column":4},"end":{"line":134,"column":5}},"type":"if","locations":[{"start":{"line":132,"column":4},"end":{"line":134,"column":5}},{"start":{},"end":{}}],"line":132},"5":{"loc":{"start":{"line":138,"column":2},"end":{"line":144,"column":3}},"type":"if","locations":[{"start":{"line":138,"column":2},"end":{"line":144,"column":3}},{"start":{},"end":{}}],"line":138},"6":{"loc":{"start":{"line":147,"column":2},"end":{"line":172,"column":3}},"type":"if","locations":[{"start":{"line":147,"column":2},"end":{"line":172,"column":3}},{"start":{},"end":{}}],"line":147},"7":{"loc":{"start":{"line":147,"column":6},"end":{"line":147,"column":25}},"type":"binary-expr","locations":[{"start":{"line":147,"column":6},"end":{"line":147,"column":11}},{"start":{"line":147,"column":15},"end":{"line":147,"column":25}}],"line":147},"8":{"loc":{"start":{"line":206,"column":137},"end":{"line":206,"column":194}},"type":"cond-expr","locations":[{"start":{"line":206,"column":147},"end":{"line":206,"column":160}},{"start":{"line":206,"column":163},"end":{"line":206,"column":194}}],"line":206},"9":{"loc":{"start":{"line":241,"column":25},"end":{"line":249,"column":25}},"type":"cond-expr","locations":[{"start":{"line":242,"column":26},"end":{"line":246,"column":28}},{"start":{"line":248,"column":26},"end":{"line":248,"column":79}}],"line":241},"10":{"loc":{"start":{"line":241,"column":25},"end":{"line":241,"column":99}},"type":"binary-expr","locations":[{"start":{"line":241,"column":25},"end":{"line":241,"column":44}},{"start":{"line":241,"column":48},"end":{"line":241,"column":99}}],"line":241},"11":{"loc":{"start":{"line":289,"column":23},"end":{"line":293,"column":23}},"type":"binary-expr","locations":[{"start":{"line":289,"column":23},"end":{"line":289,"column":52}},{"start":{"line":290,"column":24},"end":{"line":292,"column":31}}],"line":289},"12":{"loc":{"start":{"line":302,"column":23},"end":{"line":306,"column":23}},"type":"binary-expr","locations":[{"start":{"line":302,"column":23},"end":{"line":302,"column":56}},{"start":{"line":303,"column":24},"end":{"line":305,"column":31}}],"line":302}},"s":{"0":2,"1":18,"2":18,"3":18,"4":18,"5":18,"6":18,"7":18,"8":18,"9":18,"10":18,"11":18,"12":18,"13":9,"14":9,"15":9,"16":7,"17":7,"18":7,"19":7,"20":7,"21":7,"22":7,"23":7,"24":0,"25":0,"26":7,"27":2,"28":2,"29":9,"30":18,"31":7,"32":7,"33":6,"34":1,"35":18,"36":7,"37":7,"38":7,"39":7,"40":18,"41":0,"42":0,"43":0,"44":0,"45":18,"46":3,"47":1,"48":1,"49":0,"50":1,"51":2,"52":2,"53":0,"54":0,"55":0,"56":0,"57":2,"58":2,"59":2,"60":0,"61":0,"62":18,"63":9,"64":9,"65":18,"66":9,"67":9,"68":2,"69":7,"70":14},"f":{"0":18,"1":9,"2":7,"3":7,"4":0,"5":3,"6":0,"7":0,"8":9,"9":14},"b":{"0":[18,0],"1":[7,0],"2":[1,2],"3":[0,2],"4":[9,0],"5":[9,9],"6":[2,7],"7":[9,7],"8":[0,7],"9":[0,7],"10":[7,7],"11":[7,6],"12":[7,0]},"_coverageSchema":"1a1c01bbd47fc00a2c39e90264f33305004495a9","hash":"7848581bdec13875ec3528dccc0464037368a320"}
,"/home/ubuntu/project/mechanism-sharing-app2/frontend/src/pages/MechanismListPage.tsx": {"path":"/home/ubuntu/project/mechanism-sharing-app2/frontend/src/pages/MechanismListPage.tsx","statementMap":{"0":{"start":{"line":10,"column":36},"end":{"line":192,"column":1}},"1":{"start":{"line":12,"column":38},"end":{"line":12,"column":63}},"2":{"start":{"line":13,"column":32},"end":{"line":13,"column":55}},"3":{"start":{"line":14,"column":28},"end":{"line":14,"column":57}},"4":{"start":{"line":15,"column":38},"end":{"line":20,"column":4}},"5":{"start":{"line":21,"column":52},"end":{"line":21,"column":88}},"6":{"start":{"line":24,"column":26},"end":{"line":59,"column":3}},"7":{"start":{"line":25,"column":4},"end":{"line":58,"column":5}},"8":{"start":{"line":26,"column":6},"end":{"line":26,"column":23}},"9":{"start":{"line":27,"column":51},"end":{"line":27,"column":111}},"10":{"start":{"line":28,"column":6},"end":{"line":28,"column":36}},"11":{"start":{"line":29,"column":6},"end":{"line":34,"column":9}},"12":{"start":{"line":37,"column":6},"end":{"line":50,"column":7}},"13":{"start":{"line":38,"column":29},"end":{"line":38,"column":74}},"14":{"start":{"line":38,"column":61},"end":{"line":38,"column":73}},"15":{"start":{"line":39,"column":8},"end":{"line":49,"column":9}},"16":{"start":{"line":40,"column":36},"end":{"line":40,"column":95}},"17":{"start":{"line":41,"column":55},"end":{"line":41,"column":57}},"18":{"start":{"line":42,"column":10},"end":{"line":44,"column":13}},"19":{"start":{"line":43,"column":12},"end":{"line":43,"column":67}},"20":{"start":{"line":45,"column":10},"end":{"line":45,"column":45}},"21":{"start":{"line":47,"column":10},"end":{"line":47,"column":56}},"22":{"start":{"line":52,"column":6},"end":{"line":52,"column":21}},"23":{"start":{"line":54,"column":6},"end":{"line":54,"column":37}},"24":{"start":{"line":55,"column":6},"end":{"line":55,"column":43}},"25":{"start":{"line":57,"column":6},"end":{"line":57,"column":24}},"26":{"start":{"line":62,"column":27},"end":{"line":64,"column":3}},"27":{"start":{"line":63,"column":4},"end":{"line":63,"column":29}},"28":{"start":{"line":67,"column":2},"end":{"line":69,"column":9}},"29":{"start":{"line":68,"column":4},"end":{"line":68,"column":22}},"30":{"start":{"line":72,"column":2},"end":{"line":78,"column":3}},"31":{"start":{"line":73,"column":4},"end":{"line":77,"column":6}},"32":{"start":{"line":80,"column":2},"end":{"line":191,"column":4}},"33":{"start":{"line":108,"column":16},"end":{"line":169,"column":23}},"34":{"start":{"line":141,"column":26},"end":{"line":146,"column":33}}},"fnMap":{"0":{"name":"(anonymous_0)","decl":{"start":{"line":10,"column":36},"end":{"line":10,"column":37}},"loc":{"start":{"line":10,"column":42},"end":{"line":192,"column":1}},"line":10},"1":{"name":"(anonymous_1)","decl":{"start":{"line":24,"column":26},"end":{"line":24,"column":27}},"loc":{"start":{"line":24,"column":54},"end":{"line":59,"column":3}},"line":24},"2":{"name":"(anonymous_2)","decl":{"start":{"line":38,"column":48},"end":{"line":38,"column":49}},"loc":{"start":{"line":38,"column":61},"end":{"line":38,"column":73}},"line":38},"3":{"name":"(anonymous_3)","decl":{"start":{"line":42,"column":42},"end":{"line":42,"column":43}},"loc":{"start":{"line":42,"column":76},"end":{"line":44,"column":11}},"line":42},"4":{"name":"(anonymous_4)","decl":{"start":{"line":62,"column":27},"end":{"line":62,"column":28}},"loc":{"start":{"line":62,"column":48},"end":{"line":64,"column":3}},"line":62},"5":{"name":"(anonymous_5)","decl":{"start":{"line":67,"column":12},"end":{"line":67,"column":13}},"loc":{"start":{"line":67,"column":18},"end":{"line":69,"column":3}},"line":67},"6":{"name":"(anonymous_6)","decl":{"start":{"line":107,"column":30},"end":{"line":107,"column":31}},"loc":{"start":{"line":108,"column":16},"end":{"line":169,"column":23}},"line":108},"7":{"name":"(anonymous_7)","decl":{"start":{"line":140,"column":50},"end":{"line":140,"column":51}},"loc":{"start":{"line":141,"column":26},"end":{"line":146,"column":33}},"line":141}},"branchMap":{"0":{"loc":{"start":{"line":24,"column":33},"end":{"line":24,"column":49}},"type":"default-arg","locations":[{"start":{"line":24,"column":48},"end":{"line":24,"column":49}}],"line":24},"1":{"loc":{"start":{"line":37,"column":6},"end":{"line":50,"column":7}},"type":"if","locations":[{"start":{"line":37,"column":6},"end":{"line":50,"column":7}},{"start":{},"end":{}}],"line":37},"2":{"loc":{"start":{"line":72,"column":2},"end":{"line":78,"column":3}},"type":"if","locations":[{"start":{"line":72,"column":2},"end":{"line":78,"column":3}},{"start":{},"end":{}}],"line":72},"3":{"loc":{"start":{"line":72,"column":6},"end":{"line":72,"column":40}},"type":"binary-expr","locations":[{"start":{"line":72,"column":6},"end":{"line":72,"column":13}},{"start":{"line":72,"column":17},"end":{"line":72,"column":40}}],"line":72},"4":{"loc":{"start":{"line":98,"column":11},"end":{"line":102,"column":11}},"type":"binary-expr","locations":[{"start":{"line":98,"column":11},"end":{"line":98,"column":16}},{"start":{"line":99,"column":12},"end":{"line":101,"column":18}}],"line":98},"5":{"loc":{"start":{"line":105,"column":11},"end":{"line":176,"column":11}},"type":"cond-expr","locations":[{"start":{"line":106,"column":12},"end":{"line":171,"column":18}},{"start":{"line":172,"column":14},"end":{"line":176,"column":11}}],"line":105},"6":{"loc":{"start":{"line":116,"column":25},"end":{"line":126,"column":25}},"type":"cond-expr","locations":[{"start":{"line":117,"column":26},"end":{"line":121,"column":28}},{"start":{"line":123,"column":26},"end":{"line":125,"column":32}}],"line":116},"7":{"loc":{"start":{"line":154,"column":27},"end":{"line":158,"column":27}},"type":"binary-expr","locations":[{"start":{"line":154,"column":27},"end":{"line":154,"column":62}},{"start":{"line":155,"column":28},"end":{"line":157,"column":35}}],"line":154},"8":{"loc":{"start":{"line":160,"column":36},"end":{"line":160,"column":72}},"type":"binary-expr","locations":[{"start":{"line":160,"column":36},"end":{"line":160,"column":67}},{"start":{"line":160,"column":71},"end":{"line":160,"column":72}}],"line":160},"9":{"loc":{"start":{"line":172,"column":14},"end":{"line":176,"column":11}},"type":"binary-expr","locations":[{"start":{"line":172,"column":14},"end":{"line":172,"column":22}},{"start":{"line":173,"column":12},"end":{"line":175,"column":18}}],"line":172},"10":{"loc":{"start":{"line":179,"column":11},"end":{"line":187,"column":11}},"type":"binary-expr","locations":[{"start":{"line":179,"column":11},"end":{"line":179,"column":31}},{"start":{"line":180,"column":12},"end":{"line":186,"column":18}}],"line":179}},"s":{"0":2,"1":14,"2":14,"3":14,"4":14,"5":14,"6":14,"7":8,"8":8,"9":8,"10":6,"11":6,"12":6,"13":5,"14":10,"15":5,"16":5,"17":5,"18":5,"19":0,"20":0,"21":5,"22":6,"23":2,"24":2,"25":8,"26":14,"27":2,"28":14,"29":6,"30":14,"31":6,"32":8,"33":12,"34":18},"f":{"0":14,"1":8,"2":10,"3":0,"4":2,"5":6,"6":12,"7":18},"b":{"0":[6],"1":[5,1],"2":[6,8],"3":[14,8],"4":[8,1],"5":[6,2],"6":[6,6],"7":[12,12],"8":[12,12],"9":[2,2],"10":[8,6]},"_coverageSchema":"1a1c01bbd47fc00a2c39e90264f33305004495a9","hash":"78e40f2b44adfd92fb47b4434bf024fc656ba642"}
,"/home/ubuntu/project/mechanism-sharing-app2/frontend/src/pages/MechanismNewPage.tsx": {"path":"/home/ubuntu/project/mechanism-sharing-app2/frontend/src/pages/MechanismNewPage.tsx","statementMap":{"0":{"start":{"line":11,"column":35},"end":{"line":288,"column":1}},"1":{"start":{"line":12,"column":19},"end":{"line":12,"column":32}},"2":{"start":{"line":13,"column":42},"end":{"line":13,"column":57}},"3":{"start":{"line":14,"column":28},"end":{"line":14,"column":57}},"4":{"start":{"line":15,"column":38},"end":{"line":15,"column":74}},"5":{"start":{"line":18,"column":34},"end":{"line":25,"column":4}},"6":{"start":{"line":28,"column":23},"end":{"line":28,"column":53}},"7":{"start":{"line":29,"column":28},"end":{"line":29,"column":58}},"8":{"start":{"line":32,"column":28},"end":{"line":46,"column":3}},"9":{"start":{"line":33,"column":28},"end":{"line":33,"column":36}},"10":{"start":{"line":34,"column":4},"end":{"line":37,"column":8}},"11":{"start":{"line":34,"column":25},"end":{"line":37,"column":5}},"12":{"start":{"line":40,"column":4},"end":{"line":45,"column":5}},"13":{"start":{"line":41,"column":6},"end":{"line":44,"column":10}},"14":{"start":{"line":41,"column":29},"end":{"line":44,"column":7}},"15":{"start":{"line":49,"column":27},"end":{"line":65,"column":3}},"16":{"start":{"line":50,"column":28},"end":{"line":50,"column":36}},"17":{"start":{"line":51,"column":4},"end":{"line":64,"column":5}},"18":{"start":{"line":52,"column":6},"end":{"line":55,"column":10}},"19":{"start":{"line":52,"column":27},"end":{"line":55,"column":7}},"20":{"start":{"line":58,"column":6},"end":{"line":63,"column":7}},"21":{"start":{"line":59,"column":8},"end":{"line":62,"column":12}},"22":{"start":{"line":59,"column":31},"end":{"line":62,"column":9}},"23":{"start":{"line":68,"column":23},"end":{"line":85,"column":3}},"24":{"start":{"line":69,"column":43},"end":{"line":69,"column":45}},"25":{"start":{"line":71,"column":4},"end":{"line":73,"column":5}},"26":{"start":{"line":72,"column":6},"end":{"line":72,"column":33}},"27":{"start":{"line":75,"column":4},"end":{"line":77,"column":5}},"28":{"start":{"line":76,"column":6},"end":{"line":76,"column":37}},"29":{"start":{"line":79,"column":4},"end":{"line":81,"column":5}},"30":{"start":{"line":80,"column":6},"end":{"line":80,"column":37}},"31":{"start":{"line":83,"column":4},"end":{"line":83,"column":26}},"32":{"start":{"line":84,"column":4},"end":{"line":84,"column":44}},"33":{"start":{"line":88,"column":23},"end":{"line":109,"column":3}},"34":{"start":{"line":89,"column":4},"end":{"line":89,"column":23}},"35":{"start":{"line":92,"column":4},"end":{"line":94,"column":5}},"36":{"start":{"line":93,"column":6},"end":{"line":93,"column":13}},"37":{"start":{"line":96,"column":4},"end":{"line":96,"column":26}},"38":{"start":{"line":97,"column":4},"end":{"line":97,"column":19}},"39":{"start":{"line":99,"column":4},"end":{"line":108,"column":5}},"40":{"start":{"line":100,"column":6},"end":{"line":100,"column":55}},"41":{"start":{"line":102,"column":6},"end":{"line":102,"column":20}},"42":{"start":{"line":104,"column":6},"end":{"line":104,"column":44}},"43":{"start":{"line":105,"column":6},"end":{"line":105,"column":35}},"44":{"start":{"line":107,"column":6},"end":{"line":107,"column":29}},"45":{"start":{"line":112,"column":29},"end":{"line":118,"column":3}},"46":{"start":{"line":120,"column":2},"end":{"line":287,"column":4}},"47":{"start":{"line":128,"column":29},"end":{"line":128,"column":42}},"48":{"start":{"line":249,"column":39},"end":{"line":249,"column":52}},"49":{"start":{"line":272,"column":32},"end":{"line":272,"column":87}}},"fnMap":{"0":{"name":"(anonymous_0)","decl":{"start":{"line":11,"column":35},"end":{"line":11,"column":36}},"loc":{"start":{"line":11,"column":41},"end":{"line":288,"column":1}},"line":11},"1":{"name":"(anonymous_1)","decl":{"start":{"line":32,"column":28},"end":{"line":32,"column":29}},"loc":{"start":{"line":32,"column":114},"end":{"line":46,"column":3}},"line":32},"2":{"name":"(anonymous_2)","decl":{"start":{"line":34,"column":16},"end":{"line":34,"column":17}},"loc":{"start":{"line":34,"column":25},"end":{"line":37,"column":5}},"line":34},"3":{"name":"(anonymous_3)","decl":{"start":{"line":41,"column":20},"end":{"line":41,"column":21}},"loc":{"start":{"line":41,"column":29},"end":{"line":44,"column":7}},"line":41},"4":{"name":"(anonymous_4)","decl":{"start":{"line":49,"column":27},"end":{"line":49,"column":28}},"loc":{"start":{"line":49,"column":71},"end":{"line":65,"column":3}},"line":49},"5":{"name":"(anonymous_5)","decl":{"start":{"line":52,"column":18},"end":{"line":52,"column":19}},"loc":{"start":{"line":52,"column":27},"end":{"line":55,"column":7}},"line":52},"6":{"name":"(anonymous_6)","decl":{"start":{"line":59,"column":22},"end":{"line":59,"column":23}},"loc":{"start":{"line":59,"column":31},"end":{"line":62,"column":9}},"line":59},"7":{"name":"(anonymous_7)","decl":{"start":{"line":68,"column":23},"end":{"line":68,"column":24}},"loc":{"start":{"line":68,"column":38},"end":{"line":85,"column":3}},"line":68},"8":{"name":"(anonymous_8)","decl":{"start":{"line":88,"column":23},"end":{"line":88,"column":24}},"loc":{"start":{"line":88,"column":53},"end":{"line":109,"column":3}},"line":88},"9":{"name":"(anonymous_9)","decl":{"start":{"line":128,"column":23},"end":{"line":128,"column":24}},"loc":{"start":{"line":128,"column":29},"end":{"line":128,"column":42}},"line":128},"10":{"name":"(anonymous_10)","decl":{"start":{"line":249,"column":33},"end":{"line":249,"column":34}},"loc":{"start":{"line":249,"column":39},"end":{"line":249,"column":52}},"line":249},"11":{"name":"(anonymous_11)","decl":{"start":{"line":271,"column":62},"end":{"line":271,"column":63}},"loc":{"start":{"line":272,"column":32},"end":{"line":272,"column":87}},"line":272}},"branchMap":{"0":{"loc":{"start":{"line":36,"column":14},"end":{"line":36,"column":66}},"type":"cond-expr","locations":[{"start":{"line":36,"column":39},"end":{"line":36,"column":58}},{"start":{"line":36,"column":61},"end":{"line":36,"column":66}}],"line":36},"1":{"loc":{"start":{"line":40,"column":4},"end":{"line":45,"column":5}},"type":"if","locations":[{"start":{"line":40,"column":4},"end":{"line":45,"column":5}},{"start":{},"end":{}}],"line":40},"2":{"l
[...]
,"/home/ubuntu/project/mechanism-sharing-app2/frontend/src/pages/RegisterPage.tsx": {"path":"/home/ubuntu/project/mechanism-sharing-app2/frontend/src/pages/RegisterPage.tsx","statementMap":{"0":{"start":{"line":6,"column":31},"end":{"line":34,"column":1}},"1":{"start":{"line":7,"column":30},"end":{"line":7,"column":39}},"2":{"start":{"line":8,"column":19},"end":{"line":8,"column":32}},"3":{"start":{"line":11,"column":2},"end":{"line":15,"column":34}},"4":{"start":{"line":12,"column":4},"end":{"line":14,"column":5}},"5":{"start":{"line":13,"column":6},"end":{"line":13,"column":20}},"6":{"start":{"line":17,"column":2},"end":{"line":33,"column":4}}},"fnMap":{"0":{"name":"(anonymous_0)","decl":{"start":{"line":6,"column":31},"end":{"line":6,"column":32}},"loc":{"start":{"line":6,"column":37},"end":{"line":34,"column":1}},"line":6},"1":{"name":"(anonymous_1)","decl":{"start":{"line":11,"column":12},"end":{"line":11,"column":13}},"loc":{"start":{"line":11,"column":18},"end":{"line":15,"column":3}},"line":11}},"branchMap":{"0":{"loc":{"start":{"line":12,"column":4},"end":{"line":14,"column":5}},"type":"if","locations":[{"start":{"line":12,"column":4},"end":{"line":14,"column":5}},{"start":{},"end":{}}],"line":12}},"s":{"0":1,"1":0,"2":0,"3":0,"4":0,"5":0,"6":0},"f":{"0":0,"1":0},"b":{"0":[0,0]},"_coverageSchema":"1a1c01bbd47fc00a2c39e90264f33305004495a9","hash":"dd6078ee51b6be188dae4da3254f1390c4871e11"}
,"/home/ubuntu/project/mechanism-sharing-app2/frontend/src/services/api.ts": {"path":"/home/ubuntu/project/mechanism-sharing-app2/frontend/src/services/api.ts","statementMap":{"0":{"start":{"line":4,"column":21},"end":{"line":4,"column":44}},"1":{"start":{"line":7,"column":12},"end":{"line":12,"column":2}},"2":{"start":{"line":15,"column":0},"end":{"line":30,"column":2}},"3":{"start":{"line":18,"column":18},"end":{"line":18,"column":47}},"4":{"start":{"line":21,"column":4},"end":{"line":23,"column":5}},"5":{"start":{"line":22,"column":6},"end":{"line":22,"column":55}},"6":{"start":{"line":25,"column":4},"end":{"line":25,"column":18}},"7":{"start":{"line":28,"column":4},"end":{"line":28,"column":33}},"8":{"start":{"line":33,"column":0},"end":{"line":48,"column":2}},"9":{"start":{"line":35,"column":4},"end":{"line":35,"column":20}},"10":{"start":{"line":39,"column":4},"end":{"line":44,"column":5}},"11":{"start":{"line":40,"column":6},"end":{"line":40,"column":39}},"12":{"start":{"line":41,"column":6},"end":{"line":41,"column":38}},"13":{"start":{"line":43,"column":6},"end":{"line":43,"column":38}},"14":{"start":{"line":46,"column":4},"end":{"line":46,"column":33}}},"fnMap":{"0":{"name":"(anonymous_0)","decl":{"start":{"line":16,"column":2},"end":{"line":16,"column":3}},"loc":{"start":{"line":16,"column":14},"end":{"line":26,"column":3}},"line":16},"1":{"name":"(anonymous_1)","decl":{"start":{"line":27,"column":2},"end":{"line":27,"column":3}},"loc":{"start":{"line":27,"column":13},"end":{"line":29,"column":3}},"line":27},"2":{"name":"(anonymous_2)","decl":{"start":{"line":34,"column":2},"end":{"line":34,"column":3}},"loc":{"start":{"line":34,"column":16},"end":{"line":36,"column":3}},"line":34},"3":{"name":"(anonymous_3)","decl":{"start":{"line":37,"column":2},"end":{"line":37,"column":3}},"loc":{"start":{"line":37,"column":13},"end":{"line":47,"column":3}},"line":37}},"branchMap":{"0":{"loc":{"start":{"line":21,"column":4},"end":{"line":23,"column":5}},"type":"if","locations":[{"start":{"line":21,"column":4},"end":{"line":23,"column":5}},{"start":{},"end":{}}],"line":21},"1":{"loc":{"start":{"line":39,"column":4},"end":{"line":44,"column":5}},"type":"if","locations":[{"start":{"line":39,"column":4},"end":{"line":44,"column":5}},{"start":{},"end":{}}],"line":39},"2":{"loc":{"start":{"line":39,"column":8},"end":{"line":39,"column":55}},"type":"binary-expr","locations":[{"start":{"line":39,"column":8},"end":{"line":39,"column":22}},{"start":{"line":39,"column":26},"end":{"line":39,"column":55}}],"line":39}},"s":{"0":6,"1":6,"2":6,"3":0,"4":0,"5":0,"6":0,"7":0,"8":6,"9":0,"10":0,"11":0,"12":0,"13":0,"14":0},"f":{"0":0,"1":0,"2":0,"3":0},"b":{"0":[0,0],"1":[0,0],"2":[0,0]},"_coverageSchema":"1a1c01bbd47fc00a2c39e90264f33305004495a9","hash":"bcb996001e250a0f6cafcdfac2b9758587737a1f"}
,"/home/ubuntu/project/mechanism-sharing-app2/frontend/src/services/authService.ts": {"path":"/home/ubuntu/project/mechanism-sharing-app2/frontend/src/services/authService.ts","statementMap":{"0":{"start":{"line":7,"column":20},"end":{"line":71,"column":1}},"1":{"start":{"line":14,"column":49},"end":{"line":14,"column":57}},"2":{"start":{"line":15,"column":21},"end":{"line":15,"column":85}},"3":{"start":{"line":16,"column":4},"end":{"line":16,"column":25}},"4":{"start":{"line":25,"column":21},"end":{"line":25,"column":81}},"5":{"start":{"line":28,"column":4},"end":{"line":31,"column":5}},"6":{"start":{"line":29,"column":6},"end":{"line":29,"column":64}},"7":{"start":{"line":30,"column":6},"end":{"line":30,"column":71}},"8":{"start":{"line":33,"column":4},"end":{"line":33,"column":25}},"9":{"start":{"line":40,"column":4},"end":{"line":40,"column":37}},"10":{"start":{"line":41,"column":4},"end":{"line":41,"column":36}},"11":{"start":{"line":49,"column":20},"end":{"line":49,"column":48}},"12":{"start":{"line":50,"column":4},"end":{"line":52,"column":5}},"13":{"start":{"line":51,"column":6},"end":{"line":51,"column":33}},"14":{"start":{"line":53,"column":4},"end":{"line":53,"column":16}},"15":{"start":{"line":61,"column":4},"end":{"line":61,"column":41}},"16":{"start":{"line":69,"column":4},"end":{"line":69,"column":43}}},"fnMap":{"0":{"name":"(anonymous_0)","decl":{"start":{"line":13,"column":12},"end":{"line":13,"column":13}},"loc":{"start":{"line":13,"column":50},"end":{"line":17,"column":3}},"line":13},"1":{"name":"(anonymous_1)","decl":{"start":{"line":24,"column":9},"end":{"line":24,"column":10}},"loc":{"start":{"line":24,"column":47},"end":{"line":34,"column":3}},"line":24},"2":{"name":"(anonymous_2)","decl":{"start":{"line":39,"column":10},"end":{"line":39,"column":11}},"loc":{"start":{"line":39,"column":16},"end":{"line":42,"column":3}},"line":39},"3":{"name":"(anonymous_3)","decl":{"start":{"line":48,"column":18},"end":{"line":48,"column":19}},"loc":{"start":{"line":48,"column":24},"end":{"line":54,"column":3}},"line":48},"4":{"name":"(anonymous_4)","decl":{"start":{"line":60,"column":12},"end":{"line":60,"column":13}},"loc":{"start":{"line":60,"column":18},"end":{"line":62,"column":3}},"line":60},"5":{"name":"(anonymous_5)","decl":{"start":{"line":68,"column":19},"end":{"line":68,"column":20}},"loc":{"start":{"line":68,"column":25},"end":{"line":70,"column":3}},"line":68}},"branchMap":{"0":{"loc":{"start":{"line":28,"column":4},"end":{"line":31,"column":5}},"type":"if","locations":[{"start":{"line":28,"column":4},"end":{"line":31,"column":5}},{"start":{},"end":{}}],"line":28},"1":{"loc":{"start":{"line":50,"column":4},"end":{"line":52,"column":5}},"type":"if","locations":[{"start":{"line":50,"column":4},"end":{"line":52,"column":5}},{"start":{},"end":{}}],"line":50}},"s":{"0":4,"1":1,"2":1,"3":1,"4":1,"5":1,"6":1,"7":1,"8":1,"9":1,"10":1,"11":17,"12":17,"13":1,"14":16,"15":17,"16":2},"f":{"0":1,"1":1,"2":1,"3":17,"4":17,"5":2},"b":{"0":[1,0],"1":[1,16]},"_coverageSchema":"1a1c01bbd47fc00a2c39e90264f33305004495a9","hash":"46ad90de4e207dbd91d2f1418fca03029c039921"}
,"/home/ubuntu/project/mechanism-sharing-app2/frontend/src/services/mechanismService.ts": {"path":"/home/ubuntu/project/mechanism-sharing-app2/frontend/src/services/mechanismService.ts","statementMap":{"0":{"start":{"line":8,"column":32},"end":{"line":195,"column":1}},"1":{"start":{"line":16,"column":4},"end":{"line":22,"column":5}},"2":{"start":{"line":17,"column":23},"end":{"line":17,"column":83}},"3":{"start":{"line":18,"column":6},"end":{"line":18,"column":27}},"4":{"start":{"line":20,"column":6},"end":{"line":20,"column":48}},"5":{"start":{"line":21,"column":6},"end":{"line":21,"column":18}},"6":{"start":{"line":31,"column":4},"end":{"line":37,"column":5}},"7":{"start":{"line":32,"column":23},"end":{"line":32,"column":61}},"8":{"start":{"line":33,"column":6},"end":{"line":33,"column":27}},"9":{"start":{"line":35,"column":6},"end":{"line":35,"column":57}},"10":{"start":{"line":36,"column":6},"end":{"line":36,"column":18}},"11":{"start":{"line":46,"column":4},"end":{"line":75,"column":5}},"12":{"start":{"line":48,"column":23},"end":{"line":48,"column":37}},"13":{"start":{"line":49,"column":6},"end":{"line":49,"column":52}},"14":{"start":{"line":50,"column":6},"end":{"line":50,"column":64}},"15":{"start":{"line":51,"column":6},"end":{"line":51,"column":75}},"16":{"start":{"line":52,"column":6},"end":{"line":52,"column":62}},"17":{"start":{"line":55,"column":6},"end":{"line":57,"column":7}},"18":{"start":{"line":56,"column":8},"end":{"line":56,"column":52}},"19":{"start":{"line":60,"column":6},"end":{"line":62,"column":7}},"20":{"start":{"line":61,"column":8},"end":{"line":61,"column":62}},"21":{"start":{"line":65,"column":23},"end":{"line":69,"column":8}},"22":{"start":{"line":71,"column":6},"end":{"line":71,"column":27}},"23":{"start":{"line":73,"column":6},"end":{"line":73,"column":46}},"24":{"start":{"line":74,"column":6},"end":{"line":74,"column":18}},"25":{"start":{"line":84,"column":4},"end":{"line":90,"column":5}},"26":{"start":{"line":85,"column":23},"end":{"line":85,"column":82}},"27":{"start":{"line":86,"column":6},"end":{"line":86,"column":27}},"28":{"start":{"line":88,"column":6},"end":{"line":88,"column":68}},"29":{"start":{"line":89,"column":6},"end":{"line":89,"column":18}},"30":{"start":{"line":98,"column":4},"end":{"line":103,"column":5}},"31":{"start":{"line":99,"column":6},"end":{"line":99,"column":52}},"32":{"start":{"line":101,"column":6},"end":{"line":101,"column":71}},"33":{"start":{"line":102,"column":6},"end":{"line":102,"column":18}},"34":{"start":{"line":112,"column":4},"end":{"line":118,"column":5}},"35":{"start":{"line":113,"column":23},"end":{"line":113,"column":76}},"36":{"start":{"line":114,"column":6},"end":{"line":114,"column":27}},"37":{"start":{"line":116,"column":6},"end":{"line":116,"column":70}},"38":{"start":{"line":117,"column":6},"end":{"line":117,"column":18}},"39":{"start":{"line":127,"column":4},"end":{"line":133,"column":5}},"40":{"start":{"line":128,"column":23},"end":{"line":128,"column":76}},"41":{"start":{"line":129,"column":6},"end":{"line":129,"column":27}},"42":{"start":{"line":131,"column":6},"end":{"line":131,"column":70}},"43":{"start":{"line":132,"column":6},"end":{"line":132,"column":18}},"44":{"start":{"line":142,"column":4},"end":{"line":148,"column":5}},"45":{"start":{"line":143,"column":23},"end":{"line":143,"column":82}},"46":{"start":{"line":144,"column":6},"end":{"line":144,"column":27}},"47":{"start":{"line":146,"column":6},"end":{"line":146,"column":52}},"48":{"start":{"line":147,"column":6},"end":{"line":147,"column":18}},"49":{"start":{"line":157,"column":4},"end":{"line":163,"column":5}},"50":{"start":{"line":158,"column":23},"end":{"line":158,"column":80}},"51":{"start":{"line":159,"column":6},"end":{"line":159,"column":27}},"52":{"start":{"line":161,"column":6},"end":{"line":161,"column":74}},"53":{"start":{"line":162,"column":6},"end":{"line":162,"column":18}},"54":{"start":{"line":172,"column":4},"end":{"line":178,"column":5}},"55":{"start":{"line":173,"column":23},"end":{"line":173,"column":80}},"56":{"start":{"line":174,"column":6},"end":{"line":174,"column":27}},"57":{"start":{"line":176,"column":6},"end":{"line":176,"column":74}},"58":{"start":{"line":177,"column":6},"end":{"line":177,"column":18}},"59":{"start":{"line":187,"column":4},"end":{"line":193,"column":5}},"60":{"start":{"line":188,"column":23},"end":{"line":188,"column":86}},"61":{"start":{"line":189,"column":6},"end":{"line":189,"column":27}},"62":{"start":{"line":191,"column":6},"end":{"line":191,"column":56}},"63":{"start":{"line":192,"column":6},"end":{"line":192,"column":18}}},"fnMap":{"0":{"name":"(anonymous_0)","decl":{"start":{"line":15,"column":2},"end":{"line":15,"column":3}},"loc":{"start":{"line":15,"column":97},"end":{"line":23,"column":3}},"line":15},"1":{"name":"(anonymous_1)","decl":{"start":{"line":30,"column":2},"end":{"line":30,"column":3}},"loc":{"start":{"line":30,"column":63},"end":{"line":38,"column":3}},"line":30},"2":{"name":"(anonymous_2)","decl":{"start":{"line":45,"column":2},"end":{"line":45,"column":3}},"loc":{"start":{"line":45,"column":84},"end":{"line":76,"column":3}},"line":45},"3":{"name":"(anonymous_3)","decl":{"start":{"line":83,"column":2},"end":{"line":83,"column":3}},"loc":{"start":{"line":83,"column":95},"end":{"line":91,"column":3}},"line":83},"4":{"name":"(anonymous_4)","decl":{"start":{"line":97,"column":2},"end":{"line":97,"column":3}},"loc":{"start":{"line":97,"column":60},"end":{"line":104,"column":3}},"line":97},"5":{"name":"(anonymous_5)","decl":{"start":{"line":111,"column":2},"end":{"line":111,"column":3}},"loc":{"start":{"line":111,"column":63},"end":{"line":119,"column":3}},"line":111},"6":{"name":"(anonymous_6)","decl":{"start":{"line":126,"column":2},"end":{"line":126,"column":3}},"loc":{"start":{"line":126,"column":76},"end":{"line":134,"column":3}},"line":126},"7":{"name":"(anonymous_7)","decl":{"start":{"line":141,"column":2},"end":{"line":141,"column":3}},"loc":{"start":{"line":141,"column":84},"end":{"line":149,"column":3}},"line":141},"8":{"name":"(anonymous_8)","decl":{"start":{"line":156,"column":2},"end":{"line":156,"column":3}},"loc":{"start":{"line":156,"column":67},"end":{"line":164,"column":3}},"line":156},"9":{"name":"(anonymous_9)","decl":{"start":{"line":171,"column":2},"end":{"line":171,"column":3}},"loc":{"start":{"line":171,"column":84},"end":{"line":179,"column":3}},"line":171},"10":{"name":"(anonymous_10)","decl":{"start":{"line":186,"column":2},"end":{"line":186,"column":3}},"loc":{"start":{"line":186,"column":92},"end":{"line":194,"column":3}},"line":186}},"branchMap":{"0":{"loc":{"start":{"line":15,"column":22},"end":{"line":15,"column":38}},"type":"default-arg","locations":[{"start":{"line":15,"column":37},"end":{"line":15,"column":38}}],"line":15},"1":{"loc":{"start":{"line":15,"column":40},"end":{"line":15,"column":58}},"type":"default-arg","locations":[{"start":{"line":15,"column":56},"end":{"line":15,"column":58}}],"line":15},"2":{"loc":{"start":{"line":55,"column":6},"end":{"line":57,"column":7}},"type":"if","locations":[{"start":{"line":55,"column":6},"end":{"line":57,"column":7}},{"start":{},"end":{}}],"line":55},"3":{"loc":{"start":{"line":60,"column":6},"end":{"line":62,"column":7}},"type":"if","locations":[{"start":{"line":60,"column":6},"end":{"line":62,"column":7}},{"start":{},"end":{}}],"line":60}},"s":{"0":5,"1":3,"2":3,"3":2,"4":1,"5":1,"6":2,"7":2,"8":1,"9":1,"10":1,"11":2,"12":2,"13":2,"14":2,"15":2,"16":2,"17":2,"18":2,"19":2,"20":1,"21":2,"22":1,"23":1,"24":1,"25":2,"26":2,"27":1,"28":1,"29":1,"30":2,"31":2,"32":1,"33":1,"34":2,"35":2,"36":1,"37":1,"38":1,"39":2,"40":2,"41":1,"42":1,"43":1,"44":2,"45":2,"46":1,"47":1,"48":1,"49":0,"50":0,"51":0,"52":0,"53":0,"54":0,"55":0,"56":0,"57":0,"58":0,"59":0,"60":0,"61":0,"62":0,"63":0},"f":{"0":3,"1":2,"2":2,"3":2,"4":2,"5":2,"6":2,"7":2,"8":0,"9":0,"10":0},"b":{"0":[2],"1":[2],"2":[2,0],"3":[1,1]},"_coverageSchema":"1a1c01bbd47fc00a2c39e90264f33305004495a9","hash":"e97eb5b125b077d65abf4a9be99b88c6e3147a7e"}
,"/home/ubuntu/project/mechanism-sharing-app2/frontend/src/types/auth.ts": {"path":"/home/ubuntu/project/mechanism-sharing-app2/frontend/src/types/auth.ts","statementMap":{},"fnMap":{},"branchMap":{},"s":{},"f":{},"b":{}}
,"/home/ubuntu/project/mechanism-sharing-app2/frontend/src/types/mechanism.ts": {"path":"/home/ubuntu/project/mechanism-sharing-app2/frontend/src/types/mechanism.ts","statementMap":{},"fnMap":{},"branchMap":{},"s":{},"f":{},"b":{}}
,"/home/ubuntu/project/mechanism-sharing-app2/frontend/src/utils/fileUtils.ts": {"path":"/home/ubuntu/project/mechanism-sharing-app2/frontend/src/utils/fileUtils.ts","statementMap":{"0":{"start":{"line":6,"column":21},"end":{"line":6,"column":44}},"1":{"start":{"line":13,"column":26},"end":{"line":17,"column":1}},"2":{"start":{"line":14,"column":2},"end":{"line":14,"column":23}},"3":{"start":{"line":14,"column":13},"end":{"line":14,"column":23}},"4":{"start":{"line":16,"column":2},"end":{"line":16,"column":35}}},"fnMap":{"0":{"name":"(anonymous_0)","decl":{"start":{"line":13,"column":26},"end":{"line":13,"column":27}},"loc":{"start":{"line":13,"column":52},"end":{"line":17,"column":1}},"line":13}},"branchMap":{"0":{"loc":{"start":{"line":14,"column":2},"end":{"line":14,"column":23}},"type":"if","locations":[{"start":{"line":14,"column":2},"end":{"line":14,"column":23}},{"start":{},"end":{}}],"line":14}},"s":{"0":3,"1":3,"2":20,"3":0,"4":20},"f":{"0":20},"b":{"0":[0,20]},"_coverageSchema":"1a1c01bbd47fc00a2c39e90264f33305004495a9","hash":"714644ae547fbc5f04e27570d6ba5ccc2fd93bdd"}
,"/home/ubuntu/project/mechanism-sharing-app2/frontend/src/utils/reliabilityUtils.ts": {"path":"/home/ubuntu/project/mechanism-sharing-app2/frontend/src/utils/reliabilityUtils.ts","statementMap":{"0":{"start":{"line":6,"column":35},"end":{"line":21,"column":1}},"1":{"start":{"line":7,"column":2},"end":{"line":20,"column":3}},"2":{"start":{"line":9,"column":6},"end":{"line":9,"column":21}},"3":{"start":{"line":11,"column":6},"end":{"line":11,"column":25}},"4":{"start":{"line":13,"column":6},"end":{"line":13,"column":24}},"5":{"start":{"line":15,"column":6},"end":{"line":15,"column":26}},"6":{"start":{"line":17,"column":6},"end":{"line":17,"column":22}},"7":{"start":{"line":19,"column":6},"end":{"line":19,"column":32}},"8":{"start":{"line":28,"column":40},"end":{"line":43,"column":1}},"9":{"start":{"line":29,"column":2},"end":{"line":42,"column":3}},"10":{"start":{"line":31,"column":6},"end":{"line":31,"column":41}},"11":{"start":{"line":33,"column":6},"end":{"line":33,"column":41}},"12":{"start":{"line":35,"column":6},"end":{"line":35,"column":45}},"13":{"start":{"line":37,"column":6},"end":{"line":37,"column":43}},"14":{"start":{"line":39,"column":6},"end":{"line":39,"column":45}},"15":{"start":{"line":41,"column":6},"end":{"line":41,"column":41}}},"fnMap":{"0":{"name":"(anonymous_0)","decl":{"start":{"line":6,"column":35},"end":{"line":6,"column":36}},"loc":{"start":{"line":6,"column":62},"end":{"line":21,"column":1}},"line":6},"1":{"name":"(anonymous_1)","decl":{"start":{"line":28,"column":40},"end":{"line":28,"column":41}},"loc":{"start":{"line":28,"column":67},"end":{"line":43,"column":1}},"line":28}},"branchMap":{"0":{"loc":{"start":{"line":7,"column":2},"end":{"line":20,"column":3}},"type":"switch","locations":[{"start":{"line":8,"column":4},"end":{"line":9,"column":21}},{"start":{"line":10,"column":4},"end":{"line":11,"column":25}},{"start":{"line":12,"column":4},"end":{"line":13,"column":24}},{"start":{"line":14,"column":4},"end":{"line":15,"column":26}},{"start":{"line":16,"column":4},"end":{"line":17,"column":22}},{"start":{"line":18,"column":4},"end":{"line":19,"column":32}}],"line":7},"1":{"loc":{"start":{"line":29,"column":2},"end":{"line":42,"column":3}},"type":"switch","locations":[{"start":{"line":30,"column":4},"end":{"line":31,"column":41}},{"start":{"line":32,"column":4},"end":{"line":33,"column":41}},{"start":{"line":34,"column":4},"end":{"line":35,"column":45}},{"start":{"line":36,"column":4},"end":{"line":37,"column":43}},{"start":{"line":38,"column":4},"end":{"line":39,"column":45}},{"start":{"line":40,"column":4},"end":{"line":41,"column":41}}],"line":29}},"s":{"0":3,"1":19,"2":0,"3":0,"4":13,"5":6,"6":0,"7":0,"8":3,"9":19,"10":0,"11":0,"12":13,"13":6,"14":0,"15":0},"f":{"0":19,"1":19},"b":{"0":[0,0,13,6,0,0],"1":[0,0,13,6,0,0]},"_coverageSchema":"1a1c01bbd47fc00a2c39e90264f33305004495a9","hash":"6d384593678a472c8d69bf5570a94f56e242d299"}
}
