TN:
SF:src/App.tsx
FN:17,App
FNF:1
FNH:1
FNDA:1,App
DA:18,1
LF:1
LH:1
BRF:0
BRH:0
end_of_record
TN:
SF:src/index.tsx
FNF:0
FNH:0
DA:7,0
DA:10,0
DA:19,0
LF:3
LH:0
BRF:0
BRH:0
end_of_record
TN:
SF:src/reportWebVitals.ts
FN:3,(anonymous_0)
FN:5,(anonymous_1)
FNF:2
FNH:0
FNDA:0,(anonymous_0)
FNDA:0,(anonymous_1)
DA:3,0
DA:4,0
DA:5,0
DA:6,0
DA:7,0
DA:8,0
DA:9,0
DA:10,0
LF:8
LH:0
BRDA:4,0,0,0
BRDA:4,0,1,0
BRDA:4,1,0,0
BRDA:4,1,1,0
BRF:4
BRH:0
end_of_record
TN:
SF:src/components/auth/LoginForm.tsx
FN:5,(anonymous_0)
FN:12,(anonymous_1)
FN:20,(anonymous_2)
FNF:3
FNH:3
FNDA:10,(anonymous_0)
FNDA:4,(anonymous_1)
FNDA:1,(anonymous_2)
DA:5,2
DA:6,10
DA:7,10
DA:12,10
DA:13,4
DA:14,4
DA:20,10
DA:21,1
DA:22,1
DA:25,10
LF:10
LH:10
BRDA:27,0,0,10
BRDA:27,0,1,1
BRDA:73,1,0,1
BRDA:73,1,1,9
BRDA:76,2,0,1
BRDA:76,2,1,9
BRF:6
BRH:6
end_of_record
TN:
SF:src/components/auth/ProtectedRoute.tsx
FN:13,(anonymous_0)
FNF:1
FNH:1
FNDA:6,(anonymous_0)
DA:13,2
DA:16,6
DA:19,6
DA:20,2
DA:28,4
DA:29,3
DA:33,1
LF:7
LH:7
BRDA:14,0,0,5
BRDA:19,1,0,2
BRDA:19,1,1,4
BRDA:28,2,0,3
BRDA:28,2,1,1
BRF:5
BRH:5
end_of_record
TN:
SF:src/components/auth/RegisterForm.tsx
FN:5,(anonymous_0)
FN:14,(anonymous_1)
FN:27,(anonymous_2)
FN:43,(anonymous_3)
FNF:4
FNH:4
FNDA:21,(anonymous_0)
FNDA:12,(anonymous_1)
FNDA:3,(anonymous_2)
FNDA:3,(anonymous_3)
DA:5,2
DA:6,21
DA:7,21
DA:12,21
DA:14,21
DA:15,12
DA:16,12
DA:22,12
DA:23,8
DA:27,21
DA:29,3
DA:30,1
DA:31,1
DA:35,2
DA:36,1
DA:37,1
DA:40,1
DA:43,21
DA:44,3
DA:46,3
DA:47,2
DA:50,1
DA:53,21
LF:23
LH:23
BRDA:22,0,0,8
BRDA:22,0,1,4
BRDA:22,1,0,12
BRDA:22,1,1,8
BRDA:29,2,0,1
BRDA:29,2,1,2
BRDA:35,3,0,1
BRDA:35,3,1,1
BRDA:46,4,0,2
BRDA:46,4,1,1
BRDA:55,5,0,21
BRDA:55,5,1,20
BRDA:55,5,2,3
BRDA:57,6,0,3
BRDA:57,6,1,1
BRDA:117,7,0,1
BRDA:117,7,1,20
BRDA:120,8,0,1
BRDA:120,8,1,20
BRF:19
BRH:19
end_of_record
TN:
SF:src/components/common/Button.tsx
FN:28,(anonymous_0)
FNF:1
FNH:1
FNDA:254,(anonymous_0)
DA:14,7
DA:22,7
DA:28,7
DA:38,254
LF:4
LH:4
BRDA:29,0,0,32
BRDA:30,1,0,127
BRDA:31,2,0,231
BRDA:32,3,0,253
BRDA:33,4,0,180
BRDA:43,5,0,1
BRDA:43,5,1,253
BRDA:49,6,0,254
BRDA:49,6,1,234
BRDA:52,7,0,5
BRDA:52,7,1,249
BRF:11
BRH:11
end_of_record
TN:
SF:src/components/common/FileUpload.tsx
FN:15,(anonymous_0)
FN:31,(anonymous_1)
FN:40,(anonymous_2)
FN:46,(anonymous_3)
FNF:4
FNH:3
FNDA:54,(anonymous_0)
FNDA:108,(anonymous_1)
FNDA:0,(anonymous_2)
FNDA:5,(anonymous_3)
DA:14,3
DA:27,54
DA:28,54
DA:31,54
DA:32,108
DA:33,108
DA:34,0
DA:35,108
DA:36,82
DA:40,54
DA:41,0
DA:42,0
DA:46,54
DA:47,5
DA:48,5
DA:49,5
DA:51,0
DA:54,5
DA:55,4
DA:59,54
DA:112,3
LF:21
LH:17
BRDA:19,0,0,14
BRDA:20,1,0,13
BRDA:22,2,0,53
BRDA:23,3,0,54
BRDA:33,4,0,0
BRDA:33,4,1,108
BRDA:35,5,0,82
BRDA:35,5,1,26
BRDA:41,6,0,0
BRDA:41,6,1,0
BRDA:48,7,0,5
BRDA:48,7,1,0
BRDA:48,8,0,5
BRDA:48,8,1,5
BRDA:54,9,0,4
BRDA:54,9,1,1
BRDA:60,10,0,40
BRDA:60,10,1,14
BRDA:61,11,0,54
BRDA:61,11,1,41
BRDA:76,12,0,3
BRDA:76,12,1,51
BRDA:87,13,0,54
BRDA:87,13,1,53
BRDA:89,14,0,10
BRDA:89,14,1,43
BRDA:97,15,0,54
BRDA:97,15,1,3
BRDA:102,16,0,54
BRDA:102,16,1,42
BRDA:102,16,2,40
BRF:31
BRH:27
end_of_record
TN:
SF:src/components/common/Footer.tsx
FN:16,(anonymous_0)
FN:35,(anonymous_1)
FNF:2
FNH:2
FNDA:7,(anonymous_0)
FNDA:5,(anonymous_1)
DA:16,1
DA:21,7
DA:36,5
LF:3
LH:3
BRDA:17,0,0,6
BRDA:18,1,0,4
BRDA:19,2,0,6
BRDA:33,3,0,7
BRDA:33,3,1,3
BRDA:36,4,0,2
BRDA:36,4,1,3
BRF:7
BRH:7
end_of_record
TN:
SF:src/components/common/Header.tsx
FN:13,(anonymous_0)
FNF:1
FNH:1
FNDA:9,(anonymous_0)
DA:13,1
DA:21,9
LF:2
LH:2
BRDA:17,0,0,8
BRDA:19,1,0,8
BRDA:25,2,0,9
BRDA:25,2,1,2
BRDA:53,3,0,9
BRDA:53,3,1,1
BRDA:59,4,0,9
BRDA:59,4,1,1
BRF:8
BRH:8
end_of_record
TN:
SF:src/components/common/Input.tsx
FN:11,(anonymous_0)
FNF:1
FNH:1
FNDA:49,(anonymous_0)
DA:10,3
DA:12,49
DA:51,3
LF:3
LH:3
BRDA:11,0,0,8
BRDA:11,1,0,49
BRDA:13,2,0,41
BRDA:13,2,1,8
BRDA:14,3,0,49
BRDA:14,3,1,41
BRDA:29,4,0,3
BRDA:29,4,1,46
BRDA:30,5,0,41
BRDA:30,5,1,8
BRDA:33,6,0,3
BRDA:33,6,1,46
BRDA:36,7,0,49
BRDA:36,7,1,3
BRDA:41,8,0,49
BRDA:41,8,1,22
BRDA:41,8,2,21
BRF:17
BRH:17
end_of_record
TN:
SF:src/components/common/Loading.tsx
FN:11,(anonymous_0)
FNF:1
FNH:1
FNDA:27,(anonymous_0)
DA:11,4
DA:18,27
DA:25,27
DA:55,27
DA:56,1
DA:66,26
LF:6
LH:6
BRDA:12,0,0,24
BRDA:13,1,0,26
BRDA:14,2,0,26
BRDA:16,3,0,26
BRDA:51,4,0,27
BRDA:51,4,1,10
BRDA:55,5,0,1
BRDA:55,5,1,26
BRF:8
BRH:8
end_of_record
TN:
SF:src/components/common/Pagination.tsx
FN:13,(anonymous_0)
FN:23,(anonymous_1)
FN:29,(anonymous_2)
FN:31,(anonymous_3)
FN:46,(anonymous_4)
FN:58,(anonymous_5)
FN:68,(anonymous_6)
FN:80,(anonymous_7)
FN:91,(anonymous_8)
FN:96,(anonymous_9)
FN:112,(anonymous_10)
FN:123,(anonymous_11)
FN:133,(anonymous_12)
FNF:13
FNH:9
FNDA:17,(anonymous_0)
FNDA:6,(anonymous_1)
FNDA:16,(anonymous_2)
FNDA:57,(anonymous_3)
FNDA:3,(anonymous_4)
FNDA:0,(anonymous_5)
FNDA:1,(anonymous_6)
FNDA:0,(anonymous_7)
FNDA:60,(anonymous_8)
FNDA:2,(anonymous_9)
FNDA:0,(anonymous_10)
FNDA:3,(anonymous_11)
FNDA:0,(anonymous_12)
DA:13,3
DA:21,17
DA:23,16
DA:24,6
DA:25,5
DA:29,16
DA:30,16
DA:31,57
DA:35,1
DA:36,1
DA:37,1
DA:40,1
DA:41,0
DA:44,1
DA:46,3
DA:50,16
DA:52,16
DA:58,0
DA:68,1
DA:80,0
DA:92,60
DA:96,2
DA:112,0
DA:123,3
DA:133,0
LF:25
LH:20
BRDA:17,0,0,16
BRDA:18,1,0,16
BRDA:19,2,0,16
BRDA:21,3,0,1
BRDA:21,3,1,16
BRDA:24,4,0,1
BRDA:24,4,1,5
BRDA:24,5,0,6
BRDA:24,5,1,6
BRDA:24,5,2,6
BRDA:30,6,0,15
BRDA:30,6,1,1
BRDA:40,7,0,0
BRDA:40,7,1,1
BRDA:54,8,0,16
BRDA:54,8,1,15
BRDA:75,9,0,16
BRDA:75,9,1,1
BRDA:85,10,0,1
BRDA:85,10,1,1
BRDA:94,11,0,16
BRDA:94,11,1,44
BRDA:98,12,0,16
BRDA:98,12,1,44
BRDA:104,13,0,16
BRDA:104,13,1,1
BRDA:106,14,0,1
BRDA:106,14,1,1
BRDA:129,15,0,16
BRDA:129,15,1,15
BRF:30
BRH:29
end_of_record
TN:
SF:src/components/common/Select.tsx
FN:18,(anonymous_0)
FN:55,(anonymous_1)
FNF:2
FNH:2
FNDA:30,(anonymous_0)
FNDA:130,(anonymous_1)
DA:17,3
DA:27,30
DA:56,130
DA:76,3
LF:4
LH:4
BRDA:21,0,0,9
BRDA:24,1,0,30
BRDA:28,2,0,21
BRDA:28,2,1,9
BRDA:29,3,0,30
BRDA:29,3,1,21
BRDA:43,4,0,2
BRDA:43,4,1,28
BRDA:44,5,0,21
BRDA:44,5,1,9
BRDA:47,6,0,2
BRDA:47,6,1,28
BRDA:50,7,0,30
BRDA:50,7,1,1
BRDA:61,8,0,30
BRDA:61,8,1,2
BRDA:66,9,0,30
BRDA:66,9,1,2
BRDA:66,9,2,1
BRF:19
BRH:19
end_of_record
TN:
SF:src/components/common/TextArea.tsx
FN:12,(anonymous_0)
FNF:1
FNH:1
FNDA:31,(anonymous_0)
DA:11,3
DA:21,31
DA:61,3
LF:3
LH:3
BRDA:15,0,0,10
BRDA:17,1,0,10
BRDA:18,2,0,31
BRDA:22,3,0,21
BRDA:22,3,1,10
BRDA:23,4,0,31
BRDA:23,4,1,21
BRDA:39,5,0,3
BRDA:39,5,1,28
BRDA:40,6,0,21
BRDA:40,6,1,10
BRDA:43,7,0,3
BRDA:43,7,1,28
BRDA:46,8,0,31
BRDA:46,8,1,3
BRDA:51,9,0,31
BRDA:51,9,1,22
BRDA:51,9,2,20
BRF:18
BRH:18
end_of_record
TN:
SF:src/components/layout/Layout.tsx
FN:12,(anonymous_0)
FNF:1
FNH:0
FNDA:0,(anonymous_0)
DA:12,1
DA:13,0
LF:2
LH:1
BRF:0
BRH:0
end_of_record
TN:
SF:src/components/layout/Navbar.tsx
FN:5,(anonymous_0)
FN:9,(anonymous_1)
FNF:2
FNH:0
FNDA:0,(anonymous_0)
FNDA:0,(anonymous_1)
DA:5,1
DA:6,0
DA:7,0
DA:9,0
DA:10,0
DA:11,0
DA:14,0
LF:7
LH:1
BRDA:32,0,0,0
BRDA:32,0,1,0
BRDA:45,1,0,0
BRDA:45,1,1,0
BRDA:111,2,0,0
BRDA:111,2,1,0
BRDA:121,3,0,0
BRDA:121,3,1,0
BRF:8
BRH:0
end_of_record
TN:
SF:src/contexts/AuthContext.tsx
FN:31,(anonymous_0)
FN:36,(anonymous_1)
FN:37,(anonymous_2)
FN:69,(anonymous_3)
FN:98,(anonymous_4)
FN:133,(anonymous_5)
FN:158,(anonymous_6)
FNF:7
FNH:7
FNDA:56,(anonymous_0)
FNDA:22,(anonymous_1)
FNDA:22,(anonymous_2)
FNDA:3,(anonymous_3)
FNDA:2,(anonymous_4)
FNDA:1,(anonymous_5)
FNDA:27,(anonymous_6)
DA:7,4
DA:23,4
DA:31,4
DA:32,56
DA:33,56
DA:36,56
DA:37,22
DA:38,22
DA:39,22
DA:40,22
DA:42,22
DA:43,2
DA:51,20
DA:57,0
DA:65,22
DA:69,56
DA:70,3
DA:71,3
DA:77,3
DA:79,2
DA:87,2
DA:89,1
DA:98,56
DA:99,2
DA:100,2
DA:107,2
DA:108,0
DA:113,0
DA:116,2
DA:119,1
DA:124,1
DA:133,56
DA:134,1
DA:135,1
DA:139,1
DA:143,56
DA:150,56
DA:158,4
DA:159,27
DA:160,27
DA:161,0
DA:163,27
LF:42
LH:38
BRDA:42,0,0,2
BRDA:42,0,1,20
BRDA:42,1,0,22
BRDA:42,1,1,2
BRDA:107,2,0,0
BRDA:107,2,1,2
BRDA:160,3,0,0
BRDA:160,3,1,27
BRF:8
BRH:6
end_of_record
TN:
SF:src/pages/LoginPage.tsx
FN:6,(anonymous_0)
FN:11,(anonymous_1)
FNF:2
FNH:2
FNDA:1,(anonymous_0)
FNDA:1,(anonymous_1)
DA:6,1
DA:7,1
DA:8,1
DA:11,1
DA:12,1
DA:13,0
DA:17,1
LF:7
LH:6
BRDA:12,0,0,0
BRDA:12,0,1,1
BRF:2
BRH:1
end_of_record
TN:
SF:src/pages/MechanismDetailPage.tsx
FN:10,(anonymous_0)
FN:31,(anonymous_1)
FN:64,(anonymous_2)
FN:77,(anonymous_3)
FN:90,(anonymous_4)
FN:103,(anonymous_5)
FN:119,(anonymous_6)
FN:123,(anonymous_7)
FN:131,(anonymous_8)
FN:219,(anonymous_9)
FNF:10
FNH:7
FNDA:18,(anonymous_0)
FNDA:9,(anonymous_1)
FNDA:7,(anonymous_2)
FNDA:7,(anonymous_3)
FNDA:0,(anonymous_4)
FNDA:3,(anonymous_5)
FNDA:0,(anonymous_6)
FNDA:0,(anonymous_7)
FNDA:9,(anonymous_8)
FNDA:14,(anonymous_9)
DA:10,2
DA:12,18
DA:13,18
DA:16,18
DA:19,18
DA:20,18
DA:21,18
DA:22,18
DA:23,18
DA:24,18
DA:25,18
DA:28,18
DA:31,18
DA:32,9
DA:33,9
DA:34,9
DA:35,7
DA:36,7
DA:37,7
DA:40,7
DA:41,7
DA:42,7
DA:43,7
DA:44,7
DA:46,0
DA:50,0
DA:54,7
DA:56,2
DA:57,2
DA:59,9
DA:64,18
DA:65,7
DA:66,7
DA:67,6
DA:72,1
DA:77,18
DA:78,7
DA:79,7
DA:80,7
DA:85,7
DA:90,18
DA:91,0
DA:93,0
DA:95,0
DA:97,0
DA:103,18
DA:104,3
DA:107,1
DA:108,1
DA:110,0
DA:112,1
DA:115,2
DA:116,2
DA:117,0
DA:118,0
DA:119,0
DA:121,2
DA:122,2
DA:123,2
DA:126,0
DA:131,18
DA:132,9
DA:133,9
DA:138,18
DA:139,9
DA:147,9
DA:148,2
DA:174,7
DA:220,14
LF:69
LH:58
BRDA:13,0,0,18
BRDA:13,0,1,0
BRDA:40,1,0,7
BRDA:40,1,1,0
BRDA:104,2,0,1
BRDA:104,2,1,2
BRDA:116,3,0,0
BRDA:116,3,1,2
BRDA:132,4,0,9
BRDA:132,4,1,0
BRDA:138,5,0,9
BRDA:138,5,1,9
BRDA:147,6,0,2
BRDA:147,6,1,7
BRDA:147,7,0,9
BRDA:147,7,1,7
BRDA:206,8,0,0
BRDA:206,8,1,7
BRDA:241,9,0,0
BRDA:241,9,1,7
BRDA:241,10,0,7
BRDA:241,10,1,7
BRDA:289,11,0,7
BRDA:289,11,1,6
BRDA:302,12,0,7
BRDA:302,12,1,0
BRF:26
BRH:19
end_of_record
TN:
SF:src/pages/MechanismListPage.tsx
FN:10,(anonymous_0)
FN:24,(anonymous_1)
FN:38,(anonymous_2)
FN:42,(anonymous_3)
FN:62,(anonymous_4)
FN:67,(anonymous_5)
FN:107,(anonymous_6)
FN:140,(anonymous_7)
FNF:8
FNH:7
FNDA:14,(anonymous_0)
FNDA:8,(anonymous_1)
FNDA:10,(anonymous_2)
FNDA:0,(anonymous_3)
FNDA:2,(anonymous_4)
FNDA:6,(anonymous_5)
FNDA:12,(anonymous_6)
FNDA:18,(anonymous_7)
DA:10,2
DA:12,14
DA:13,14
DA:14,14
DA:15,14
DA:21,14
DA:24,14
DA:25,8
DA:26,8
DA:27,8
DA:28,6
DA:29,6
DA:37,6
DA:38,10
DA:39,5
DA:40,5
DA:41,5
DA:42,5
DA:43,0
DA:45,0
DA:47,5
DA:52,6
DA:54,2
DA:55,2
DA:57,8
DA:62,14
DA:63,2
DA:67,14
DA:68,6
DA:72,14
DA:73,6
DA:80,8
DA:108,12
DA:141,18
LF:34
LH:32
BRDA:24,0,0,6
BRDA:37,1,0,5
BRDA:37,1,1,1
BRDA:72,2,0,6
BRDA:72,2,1,8
BRDA:72,3,0,14
BRDA:72,3,1,8
BRDA:98,4,0,8
BRDA:98,4,1,1
BRDA:105,5,0,6
BRDA:105,5,1,2
BRDA:116,6,0,6
BRDA:116,6,1,6
BRDA:154,7,0,12
BRDA:154,7,1,12
BRDA:160,8,0,12
BRDA:160,8,1,12
BRDA:172,9,0,2
BRDA:172,9,1,2
BRDA:179,10,0,8
BRDA:179,10,1,6
BRF:21
BRH:21
end_of_record
TN:
SF:src/pages/MechanismNewPage.tsx
FN:11,(anonymous_0)
FN:32,(anonymous_1)
FN:34,(anonymous_2)
FN:41,(anonymous_3)
FN:49,(anonymous_4)
FN:52,(anonymous_5)
FN:59,(anonymous_6)
FN:68,(anonymous_7)
FN:88,(anonymous_8)
FN:128,(anonymous_9)
FN:249,(anonymous_10)
FN:271,(anonymous_11)
FNF:12
FNH:9
FNDA:20,(anonymous_0)
FNDA:8,(anonymous_1)
FNDA:8,(anonymous_2)
FNDA:0,(anonymous_3)
FNDA:3,(anonymous_4)
FNDA:3,(anonymous_5)
FNDA:0,(anonymous_6)
FNDA:3,(anonymous_7)
FNDA:3,(anonymous_8)
FNDA:0,(anonymous_9)
FNDA:1,(anonymous_10)
FNDA:3,(anonymous_11)
DA:11,2
DA:12,20
DA:13,20
DA:14,20
DA:15,20
DA:18,20
DA:28,20
DA:29,20
DA:32,20
DA:33,8
DA:34,8
DA:40,8
DA:41,0
DA:49,20
DA:50,3
DA:51,3
DA:52,3
DA:58,3
DA:59,0
DA:68,20
DA:69,3
DA:71,3
DA:72,1
DA:75,3
DA:76,1
DA:79,3
DA:80,1
DA:83,3
DA:84,3
DA:88,20
DA:89,3
DA:92,3
DA:93,1
DA:96,2
DA:97,2
DA:99,2
DA:100,2
DA:102,1
DA:104,1
DA:105,1
DA:107,2
DA:112,20
DA:120,20
DA:128,0
DA:249,1
DA:272,3
LF:46
LH:43
BRDA:36,0,0,2
BRDA:36,0,1,6
BRDA:40,1,0,0
BRDA:40,1,1,8
BRDA:51,2,0,3
BRDA:51,2,1,0
BRDA:51,3,0,3
BRDA:51,3,1,3
BRDA:58,4,0,0
BRDA:58,4,1,3
BRDA:71,5,0,1
BRDA:71,5,1,2
BRDA:75,6,0,1
BRDA:75,6,1,2
BRDA:79,7,0,1
BRDA:79,7,1,2
BRDA:92,8,0,1
BRDA:92,8,1,2
BRDA:264,9,0,20
BRDA:264,9,1,19
BRDA:264,9,2,2
BRDA:266,10,0,2
BRDA:266,10,1,1
BRDA:267,11,0,2
BRDA:267,11,1,1
BRF:25
BRH:22
end_of_record
TN:
SF:src/pages/RegisterPage.tsx
FN:6,(anonymous_0)
FN:11,(anonymous_1)
FNF:2
FNH:0
FNDA:0,(anonymous_0)
FNDA:0,(anonymous_1)
DA:6,1
DA:7,0
DA:8,0
DA:11,0
DA:12,0
DA:13,0
DA:17,0
LF:7
LH:1
BRDA:12,0,0,0
BRDA:12,0,1,0
BRF:2
BRH:0
end_of_record
TN:
SF:src/services/api.ts
FN:16,(anonymous_0)
FN:27,(anonymous_1)
FN:34,(anonymous_2)
FN:37,(anonymous_3)
FNF:4
FNH:0
FNDA:0,(anonymous_0)
FNDA:0,(anonymous_1)
FNDA:0,(anonymous_2)
FNDA:0,(anonymous_3)
DA:4,6
DA:7,6
DA:15,6
DA:18,0
DA:21,0
DA:22,0
DA:25,0
DA:28,0
DA:33,6
DA:35,0
DA:39,0
DA:40,0
DA:41,0
DA:43,0
DA:46,0
LF:15
LH:4
BRDA:21,0,0,0
BRDA:21,0,1,0
BRDA:39,1,0,0
BRDA:39,1,1,0
BRDA:39,2,0,0
BRDA:39,2,1,0
BRF:6
BRH:0
end_of_record
TN:
SF:src/services/authService.ts
FN:13,(anonymous_0)
FN:24,(anonymous_1)
FN:39,(anonymous_2)
FN:48,(anonymous_3)
FN:60,(anonymous_4)
FN:68,(anonymous_5)
FNF:6
FNH:6
FNDA:1,(anonymous_0)
FNDA:1,(anonymous_1)
FNDA:1,(anonymous_2)
FNDA:17,(anonymous_3)
FNDA:17,(anonymous_4)
FNDA:2,(anonymous_5)
DA:7,4
DA:14,1
DA:15,1
DA:16,1
DA:25,1
DA:28,1
DA:29,1
DA:30,1
DA:33,1
DA:40,1
DA:41,1
DA:49,17
DA:50,17
DA:51,1
DA:53,16
DA:61,17
DA:69,2
LF:17
LH:17
BRDA:28,0,0,1
BRDA:28,0,1,0
BRDA:50,1,0,1
BRDA:50,1,1,16
BRF:4
BRH:3
end_of_record
TN:
SF:src/services/mechanismService.ts
FN:15,(anonymous_0)
FN:30,(anonymous_1)
FN:45,(anonymous_2)
FN:83,(anonymous_3)
FN:97,(anonymous_4)
FN:111,(anonymous_5)
FN:126,(anonymous_6)
FN:141,(anonymous_7)
FN:156,(anonymous_8)
FN:171,(anonymous_9)
FN:186,(anonymous_10)
FNF:11
FNH:8
FNDA:3,(anonymous_0)
FNDA:2,(anonymous_1)
FNDA:2,(anonymous_2)
FNDA:2,(anonymous_3)
FNDA:2,(anonymous_4)
FNDA:2,(anonymous_5)
FNDA:2,(anonymous_6)
FNDA:2,(anonymous_7)
FNDA:0,(anonymous_8)
FNDA:0,(anonymous_9)
FNDA:0,(anonymous_10)
DA:8,5
DA:16,3
DA:17,3
DA:18,2
DA:20,1
DA:21,1
DA:31,2
DA:32,2
DA:33,1
DA:35,1
DA:36,1
DA:46,2
DA:48,2
DA:49,2
DA:50,2
DA:51,2
DA:52,2
DA:55,2
DA:56,2
DA:60,2
DA:61,1
DA:65,2
DA:71,1
DA:73,1
DA:74,1
DA:84,2
DA:85,2
DA:86,1
DA:88,1
DA:89,1
DA:98,2
DA:99,2
DA:101,1
DA:102,1
DA:112,2
DA:113,2
DA:114,1
DA:116,1
DA:117,1
DA:127,2
DA:128,2
DA:129,1
DA:131,1
DA:132,1
DA:142,2
DA:143,2
DA:144,1
DA:146,1
DA:147,1
DA:157,0
DA:158,0
DA:159,0
DA:161,0
DA:162,0
DA:172,0
DA:173,0
DA:174,0
DA:176,0
DA:177,0
DA:187,0
DA:188,0
DA:189,0
DA:191,0
DA:192,0
LF:64
LH:49
BRDA:15,0,0,2
BRDA:15,1,0,2
BRDA:55,2,0,2
BRDA:55,2,1,0
BRDA:60,3,0,1
BRDA:60,3,1,1
BRF:6
BRH:5
end_of_record
TN:
SF:src/types/auth.ts
FNF:0
FNH:0
LF:0
LH:0
BRF:0
BRH:0
end_of_record
TN:
SF:src/types/mechanism.ts
FNF:0
FNH:0
LF:0
LH:0
BRF:0
BRH:0
end_of_record
TN:
SF:src/utils/fileUtils.ts
FN:13,(anonymous_0)
FNF:1
FNH:1
FNDA:20,(anonymous_0)
DA:6,3
DA:13,3
DA:14,20
DA:16,20
LF:4
LH:4
BRDA:14,0,0,0
BRDA:14,0,1,20
BRF:2
BRH:1
end_of_record
TN:
SF:src/utils/reliabilityUtils.ts
FN:6,(anonymous_0)
FN:28,(anonymous_1)
FNF:2
FNH:2
FNDA:19,(anonymous_0)
FNDA:19,(anonymous_1)
DA:6,3
DA:7,19
DA:9,0
DA:11,0
DA:13,13
DA:15,6
DA:17,0
DA:19,0
DA:28,3
DA:29,19
DA:31,0
DA:33,0
DA:35,13
DA:37,6
DA:39,0
DA:41,0
LF:16
LH:8
BRDA:7,0,0,0
BRDA:7,0,1,0
BRDA:7,0,2,13
BRDA:7,0,3,6
BRDA:7,0,4,0
BRDA:7,0,5,0
BRDA:29,1,0,0
BRDA:29,1,1,0
BRDA:29,1,2,13
BRDA:29,1,3,6
BRDA:29,1,4,0
BRDA:29,1,5,0
BRF:12
BRH:4
end_of_record
